<?xml version="1.0" encoding="UTF-8"?>
<testsuites name="jest tests" tests="2" failures="0" errors="0" time="0.91">
  <testsuite name="Example test" errors="0" failures="0" skipped="0" timestamp="2026-03-09T00:52:19" time="0.728" tests="1">
    <testcase classname="Example test should pass" name="Example test should pass" time="0">
    </testcase>
  </testsuite>
  <testsuite name="Backend health check" errors="0" failures="0" skipped="0" timestamp="2026-03-09T00:52:20" time="0.068" tests="1">
    <testcase classname="Backend health check should pass basic test" name="Backend health check should pass basic test" time="0.001">
    </testcase>
  </testsuite>
</testsuites>