<?xml version="1.0" ?>
<!DOCTYPE coverage SYSTEM "http://cobertura.sourceforge.net/xml/coverage-04.dtd">
<coverage lines-valid="1464" lines-covered="391" line-rate="0.267" branches-valid="709" branches-covered="174" branch-rate="0.24539999999999998" timestamp="1773519816037" complexity="0" version="0.1">
  <sources>
    <source>/Users/omxxr/Movies/quantum-bluff/server</source>
  </sources>
  <packages>
    <package name="src" line-rate="0" branch-rate="0">
      <classes>
        <class name="index.ts" filename="src/index.ts" line-rate="0" branch-rate="1">
          <methods>
            <method name="(anonymous_0)" hits="0" signature="()V">
              <lines>
                <line number="44" hits="0"/>
              </lines>
            </method>
            <method name="(anonymous_1)" hits="0" signature="()V">
              <lines>
                <line number="57" hits="0"/>
              </lines>
            </method>
            <method name="(anonymous_2)" hits="0" signature="()V">
              <lines>
                <line number="79" hits="0"/>
              </lines>
            </method>
          </methods>
          <lines>
            <line number="17" hits="0" branch="false"/>
            <line number="19" hits="0" branch="false"/>
            <line number="22" hits="0" branch="false"/>
            <line number="25" hits="0" branch="false"/>
            <line number="32" hits="0" branch="false"/>
            <line number="40" hits="0" branch="false"/>
            <line number="42" hits="0" branch="false"/>
            <line number="44" hits="0" branch="false"/>
            <line number="45" hits="0" branch="false"/>
            <line number="46" hits="0" branch="false"/>
            <line number="50" hits="0" branch="false"/>
            <line number="51" hits="0" branch="false"/>
            <line number="52" hits="0" branch="false"/>
            <line number="53" hits="0" branch="false"/>
            <line number="54" hits="0" branch="false"/>
            <line number="55" hits="0" branch="false"/>
            <line number="57" hits="0" branch="false"/>
            <line number="58" hits="0" branch="false"/>
            <line number="62" hits="0" branch="false"/>
            <line number="65" hits="0" branch="false"/>
            <line number="72" hits="0" branch="false"/>
            <line number="75" hits="0" branch="false"/>
            <line number="77" hits="0" branch="false"/>
            <line number="79" hits="0" branch="false"/>
            <line number="80" hits="0" branch="false"/>
          </lines>
        </class>
        <class name="run-tests.manual.ts" filename="src/run-tests.manual.ts" line-rate="0" branch-rate="1">
          <methods>
            <method name="createPlayer" hits="0" signature="()V">
              <lines>
                <line number="6" hits="0"/>
              </lines>
            </method>
            <method name="testDeckGenerate52Unique" hits="0" signature="()V">
              <lines>
                <line number="19" hits="0"/>
              </lines>
            </method>
            <method name="(anonymous_2)" hits="0" signature="()V">
              <lines>
                <line number="25" hits="0"/>
              </lines>
            </method>
            <method name="testDeckDrawRemovesCards" hits="0" signature="()V">
              <lines>
                <line number="32" hits="0"/>
              </lines>
            </method>
            <method name="testShufflePreservesCount" hits="0" signature="()V">
              <lines>
                <line number="44" hits="0"/>
              </lines>
            </method>
            <method name="testDealInitialCards" hits="0" signature="()V">
              <lines>
                <line number="50" hits="0"/>
              </lines>
            </method>
            <method name="testEvaluatorStraightFlushWinner" hits="0" signature="()V">
              <lines>
                <line number="68" hits="0"/>
              </lines>
            </method>
            <method name="testEvaluatorPairBeatsHighCard" hits="0" signature="()V">
              <lines>
                <line number="96" hits="0"/>
              </lines>
            </method>
            <method name="runAll" hits="0" signature="()V">
              <lines>
                <line number="119" hits="0"/>
              </lines>
            </method>
          </methods>
          <lines>
            <line number="7" hits="0" branch="false"/>
            <line number="20" hits="0" branch="false"/>
            <line number="21" hits="0" branch="false"/>
            <line number="23" hits="0" branch="false"/>
            <line number="25" hits="0" branch="false"/>
            <line number="26" hits="0" branch="false"/>
            <line number="28" hits="0" branch="false"/>
            <line number="29" hits="0" branch="false"/>
            <line number="33" hits="0" branch="false"/>
            <line number="35" hits="0" branch="false"/>
            <line number="36" hits="0" branch="false"/>
            <line number="37" hits="0" branch="false"/>
            <line number="39" hits="0" branch="false"/>
            <line number="40" hits="0" branch="false"/>
            <line number="41" hits="0" branch="false"/>
            <line number="45" hits="0" branch="false"/>
            <line number="46" hits="0" branch="false"/>
            <line number="47" hits="0" branch="false"/>
            <line number="51" hits="0" branch="false"/>
            <line number="52" hits="0" branch="false"/>
            <line number="54" hits="0" branch="false"/>
            <line number="60" hits="0" branch="false"/>
            <line number="62" hits="0" branch="false"/>
            <line number="63" hits="0" branch="false"/>
            <line number="64" hits="0" branch="false"/>
            <line number="65" hits="0" branch="false"/>
            <line number="69" hits="0" branch="false"/>
            <line number="74" hits="0" branch="false"/>
            <line number="79" hits="0" branch="false"/>
            <line number="87" hits="0" branch="false"/>
            <line number="88" hits="0" branch="false"/>
            <line number="90" hits="0" branch="false"/>
            <line number="91" hits="0" branch="false"/>
            <line number="93" hits="0" branch="false"/>
            <line number="97" hits="0" branch="false"/>
            <line number="102" hits="0" branch="false"/>
            <line number="107" hits="0" branch="false"/>
            <line number="115" hits="0" branch="false"/>
            <line number="116" hits="0" branch="false"/>
            <line number="120" hits="0" branch="false"/>
            <line number="129" hits="0" branch="false"/>
            <line number="131" hits="0" branch="false"/>
            <line number="132" hits="0" branch="false"/>
            <line number="133" hits="0" branch="false"/>
            <line number="134" hits="0" branch="false"/>
            <line number="136" hits="0" branch="false"/>
            <line number="137" hits="0" branch="false"/>
            <line number="141" hits="0" branch="false"/>
            <line number="144" hits="0" branch="false"/>
          </lines>
        </class>
        <class name="test-utils.ts" filename="src/test-utils.ts" line-rate="0" branch-rate="0">
          <methods>
            <method name="makeCard" hits="0" signature="()V">
              <lines>
                <line number="19" hits="0"/>
              </lines>
            </method>
            <method name="assert" hits="0" signature="()V">
              <lines>
                <line number="23" hits="0"/>
              </lines>
            </method>
            <method name="assertEq" hits="0" signature="()V">
              <lines>
                <line number="27" hits="0"/>
              </lines>
            </method>
            <method name="assertArrayEq" hits="0" signature="()V">
              <lines>
                <line number="35" hits="0"/>
              </lines>
            </method>
            <method name="(anonymous_4)" hits="0" signature="()V">
              <lines>
                <line number="38" hits="0"/>
              </lines>
            </method>
          </methods>
          <lines>
            <line number="3" hits="0" branch="false"/>
            <line number="20" hits="0" branch="false"/>
            <line number="24" hits="0" branch="true" condition-coverage="0% (0/2)"/>
            <line number="28" hits="0" branch="true" condition-coverage="0% (0/2)"/>
            <line number="29" hits="0" branch="false"/>
            <line number="37" hits="0" branch="true" condition-coverage="0% (0/2)"/>
            <line number="38" hits="0" branch="false"/>
            <line number="40" hits="0" branch="true" condition-coverage="0% (0/2)"/>
            <line number="41" hits="0" branch="false"/>
          </lines>
        </class>
      </classes>
    </package>
    <package name="src.auth" line-rate="0" branch-rate="0">
      <classes>
        <class name="hash.utils.ts" filename="src/auth/hash.utils.ts" line-rate="0" branch-rate="0">
          <methods>
          </methods>
          <lines>
          </lines>
        </class>
        <class name="jwt.service.ts" filename="src/auth/jwt.service.ts" line-rate="0" branch-rate="0">
          <methods>
            <method name="generateToken" hits="0" signature="()V">
              <lines>
                <line number="6" hits="0"/>
              </lines>
            </method>
            <method name="verifyToken" hits="0" signature="()V">
              <lines>
                <line number="10" hits="0"/>
              </lines>
            </method>
          </methods>
          <lines>
            <line number="3" hits="0" branch="true" condition-coverage="0% (0/2)"/>
            <line number="4" hits="0" branch="false"/>
            <line number="7" hits="0" branch="false"/>
            <line number="11" hits="0" branch="false"/>
          </lines>
        </class>
      </classes>
    </package>
    <package name="src.config" line-rate="0" branch-rate="0">
      <classes>
        <class name="database.ts" filename="src/config/database.ts" line-rate="0" branch-rate="0">
          <methods>
            <method name="(anonymous_0)" hits="0" signature="()V">
              <lines>
                <line number="24" hits="0"/>
              </lines>
            </method>
            <method name="(anonymous_1)" hits="0" signature="()V">
              <lines>
                <line number="34" hits="0"/>
              </lines>
            </method>
          </methods>
          <lines>
            <line number="6" hits="0" branch="false"/>
            <line number="8" hits="0" branch="false"/>
            <line number="10" hits="0" branch="true" condition-coverage="0% (0/2)"/>
            <line number="11" hits="0" branch="false"/>
            <line number="15" hits="0" branch="false"/>
            <line number="20" hits="0" branch="false"/>
            <line number="22" hits="0" branch="false"/>
            <line number="24" hits="0" branch="false"/>
            <line number="25" hits="0" branch="false"/>
            <line number="26" hits="0" branch="false"/>
            <line number="27" hits="0" branch="false"/>
            <line number="29" hits="0" branch="false"/>
            <line number="30" hits="0" branch="false"/>
            <line number="34" hits="0" branch="false"/>
            <line number="35" hits="0" branch="false"/>
            <line number="36" hits="0" branch="false"/>
          </lines>
        </class>
        <class name="redis.config.ts" filename="src/config/redis.config.ts" line-rate="0" branch-rate="0">
          <methods>
            <method name="(anonymous_0)" hits="0" signature="()V">
              <lines>
                <line number="18" hits="0"/>
              </lines>
            </method>
            <method name="(anonymous_1)" hits="0" signature="()V">
              <lines>
                <line number="24" hits="0"/>
              </lines>
            </method>
            <method name="(anonymous_2)" hits="0" signature="()V">
              <lines>
                <line number="28" hits="0"/>
              </lines>
            </method>
            <method name="(anonymous_3)" hits="0" signature="()V">
              <lines>
                <line number="37" hits="0"/>
              </lines>
            </method>
            <method name="(anonymous_4)" hits="0" signature="()V">
              <lines>
                <line number="44" hits="0"/>
              </lines>
            </method>
            <method name="(anonymous_5)" hits="0" signature="()V">
              <lines>
                <line number="61" hits="0"/>
              </lines>
            </method>
            <method name="(anonymous_6)" hits="0" signature="()V">
              <lines>
                <line number="66" hits="0"/>
              </lines>
            </method>
            <method name="(anonymous_7)" hits="0" signature="()V">
              <lines>
                <line number="87" hits="0"/>
              </lines>
            </method>
            <method name="(anonymous_8)" hits="0" signature="()V">
              <lines>
                <line number="94" hits="0"/>
              </lines>
            </method>
            <method name="(anonymous_9)" hits="0" signature="()V">
              <lines>
                <line number="102" hits="0"/>
              </lines>
            </method>
            <method name="(anonymous_10)" hits="0" signature="()V">
              <lines>
                <line number="108" hits="0"/>
              </lines>
            </method>
            <method name="(anonymous_11)" hits="0" signature="()V">
              <lines>
                <line number="125" hits="0"/>
              </lines>
            </method>
          </methods>
          <lines>
            <line number="14" hits="0" branch="false"/>
            <line number="19" hits="0" branch="false"/>
            <line number="20" hits="0" branch="false"/>
            <line number="24" hits="0" branch="false"/>
            <line number="25" hits="0" branch="false"/>
            <line number="28" hits="0" branch="false"/>
            <line number="29" hits="0" branch="false"/>
            <line number="33" hits="0" branch="false"/>
            <line number="37" hits="0" branch="false"/>
            <line number="38" hits="0" branch="false"/>
            <line number="39" hits="0" branch="false"/>
            <line number="44" hits="0" branch="false"/>
            <line number="61" hits="0" branch="false"/>
            <line number="62" hits="0" branch="false"/>
            <line number="63" hits="0" branch="false"/>
            <line number="64" hits="0" branch="false"/>
            <line number="66" hits="0" branch="false"/>
            <line number="71" hits="0" branch="false"/>
            <line number="72" hits="0" branch="false"/>
            <line number="79" hits="0" branch="false"/>
            <line number="81" hits="0" branch="false"/>
            <line number="82" hits="0" branch="false"/>
            <line number="87" hits="0" branch="true" condition-coverage="0% (0/1)"/>
            <line number="88" hits="0" branch="false"/>
            <line number="89" hits="0" branch="false"/>
            <line number="90" hits="0" branch="false"/>
            <line number="94" hits="0" branch="false"/>
            <line number="95" hits="0" branch="false"/>
            <line number="96" hits="0" branch="false"/>
            <line number="97" hits="0" branch="true" condition-coverage="0% (0/2)"/>
            <line number="98" hits="0" branch="false"/>
            <line number="102" hits="0" branch="false"/>
            <line number="103" hits="0" branch="false"/>
            <line number="104" hits="0" branch="false"/>
            <line number="108" hits="0" branch="false"/>
            <line number="109" hits="0" branch="false"/>
            <line number="110" hits="0" branch="false"/>
            <line number="112" hits="0" branch="false"/>
            <line number="113" hits="0" branch="false"/>
            <line number="114" hits="0" branch="false"/>
            <line number="115" hits="0" branch="true" condition-coverage="0% (0/2)"/>
            <line number="116" hits="0" branch="false"/>
            <line number="117" hits="0" branch="true" condition-coverage="0% (0/2)"/>
            <line number="121" hits="0" branch="false"/>
            <line number="125" hits="0" branch="false"/>
            <line number="126" hits="0" branch="false"/>
            <line number="127" hits="0" branch="false"/>
            <line number="128" hits="0" branch="false"/>
            <line number="129" hits="0" branch="false"/>
          </lines>
        </class>
      </classes>
    </package>
    <package name="src.logic" line-rate="0.7947" branch-rate="0.6104999999999999">
      <classes>
        <class name="Deck.ts" filename="src/logic/Deck.ts" line-rate="1" branch-rate="0.875">
          <methods>
            <method name="(anonymous_0)" hits="70" signature="()V">
              <lines>
                <line number="28" hits="70"/>
              </lines>
            </method>
            <method name="(anonymous_1)" hits="71" signature="()V">
              <lines>
                <line number="35" hits="71"/>
              </lines>
            </method>
            <method name="(anonymous_2)" hits="26" signature="()V">
              <lines>
                <line number="51" hits="26"/>
              </lines>
            </method>
            <method name="(anonymous_3)" hits="151" signature="()V">
              <lines>
                <line number="62" hits="151"/>
              </lines>
            </method>
            <method name="(anonymous_4)" hits="1" signature="()V">
              <lines>
                <line number="77" hits="1"/>
              </lines>
            </method>
            <method name="(anonymous_5)" hits="14" signature="()V">
              <lines>
                <line number="85" hits="14"/>
              </lines>
            </method>
            <method name="(anonymous_6)" hits="21" signature="()V">
              <lines>
                <line number="92" hits="21"/>
              </lines>
            </method>
            <method name="(anonymous_7)" hits="27" signature="()V">
              <lines>
                <line number="102" hits="27"/>
              </lines>
            </method>
            <method name="(anonymous_8)" hits="6" signature="()V">
              <lines>
                <line number="122" hits="6"/>
              </lines>
            </method>
            <method name="(anonymous_9)" hits="5" signature="()V">
              <lines>
                <line number="130" hits="5"/>
              </lines>
            </method>
            <method name="(anonymous_10)" hits="4" signature="()V">
              <lines>
                <line number="138" hits="4"/>
              </lines>
            </method>
            <method name="(anonymous_11)" hits="1" signature="()V">
              <lines>
                <line number="146" hits="1"/>
              </lines>
            </method>
            <method name="(anonymous_12)" hits="1" signature="()V">
              <lines>
                <line number="155" hits="1"/>
              </lines>
            </method>
          </methods>
          <lines>
            <line number="8" hits="3" branch="false"/>
            <line number="10" hits="3" branch="false"/>
            <line number="15" hits="3" branch="false"/>
            <line number="24" hits="70" branch="false"/>
            <line number="25" hits="70" branch="false"/>
            <line number="26" hits="70" branch="false"/>
            <line number="29" hits="70" branch="false"/>
            <line number="36" hits="71" branch="false"/>
            <line number="37" hits="71" branch="false"/>
            <line number="38" hits="284" branch="false"/>
            <line number="39" hits="3692" branch="false"/>
            <line number="52" hits="26" branch="false"/>
            <line number="53" hits="1326" branch="false"/>
            <line number="54" hits="1326" branch="false"/>
            <line number="63" hits="151" branch="true" condition-coverage="100% (2/2)"/>
            <line number="64" hits="150" branch="true" condition-coverage="100% (2/2)"/>
            <line number="65" hits="149" branch="true" condition-coverage="100% (2/2)"/>
            <line number="66" hits="1" branch="false"/>
            <line number="69" hits="148" branch="false"/>
            <line number="70" hits="148" branch="false"/>
            <line number="71" hits="148" branch="false"/>
            <line number="78" hits="1" branch="false"/>
            <line number="79" hits="1" branch="false"/>
            <line number="86" hits="14" branch="false"/>
            <line number="93" hits="21" branch="false"/>
            <line number="94" hits="21" branch="false"/>
            <line number="95" hits="21" branch="false"/>
            <line number="104" hits="27" branch="false"/>
            <line number="105" hits="53" branch="true" condition-coverage="50% (1/2)"/>
            <line number="109" hits="27" branch="false"/>
            <line number="110" hits="54" branch="false"/>
            <line number="111" hits="106" branch="false"/>
            <line number="112" hits="106" branch="false"/>
            <line number="116" hits="27" branch="false"/>
            <line number="123" hits="6" branch="false"/>
            <line number="124" hits="6" branch="false"/>
            <line number="131" hits="5" branch="false"/>
            <line number="132" hits="5" branch="false"/>
            <line number="139" hits="4" branch="false"/>
            <line number="140" hits="4" branch="false"/>
            <line number="147" hits="1" branch="false"/>
            <line number="148" hits="1" branch="false"/>
            <line number="149" hits="1" branch="false"/>
            <line number="161" hits="1" branch="false"/>
          </lines>
        </class>
        <class name="Evaluator.ts" filename="src/logic/Evaluator.ts" line-rate="1" branch-rate="0.8717">
          <methods>
            <method name="ranksDesc" hits="54" signature="()V">
              <lines>
                <line number="32" hits="54"/>
              </lines>
            </method>
            <method name="(anonymous_1)" hits="314" signature="()V">
              <lines>
                <line number="33" hits="314"/>
              </lines>
            </method>
            <method name="(anonymous_2)" hits="452" signature="()V">
              <lines>
                <line number="33" hits="452"/>
              </lines>
            </method>
            <method name="countByRank" hits="45" signature="()V">
              <lines>
                <line number="36" hits="45"/>
              </lines>
            </method>
            <method name="countBySuit" hits="45" signature="()V">
              <lines>
                <line number="42" hits="45"/>
              </lines>
            </method>
            <method name="findStraightHigh" hits="50" signature="()V">
              <lines>
                <line number="57" hits="50"/>
              </lines>
            </method>
            <method name="(anonymous_6)" hits="211" signature="()V">
              <lines>
                <line number="59" hits="211"/>
              </lines>
            </method>
            <method name="packScore" hits="47" signature="()V">
              <lines>
                <line number="91" hits="47"/>
              </lines>
            </method>
            <method name="evaluateSeven" hits="47" signature="()V">
              <lines>
                <line number="110" hits="47"/>
              </lines>
            </method>
            <method name="(anonymous_9)" hits="236" signature="()V">
              <lines>
                <line number="123" hits="236"/>
              </lines>
            </method>
            <method name="(anonymous_10)" hits="246" signature="()V">
              <lines>
                <line number="124" hits="246"/>
              </lines>
            </method>
            <method name="(anonymous_11)" hits="25" signature="()V">
              <lines>
                <line number="135" hits="25"/>
              </lines>
            </method>
            <method name="(anonymous_12)" hits="2" signature="()V">
              <lines>
                <line number="158" hits="2"/>
              </lines>
            </method>
            <method name="(anonymous_13)" hits="15" signature="()V">
              <lines>
                <line number="167" hits="15"/>
              </lines>
            </method>
            <method name="(anonymous_14)" hits="13" signature="()V">
              <lines>
                <line number="192" hits="13"/>
              </lines>
            </method>
            <method name="(anonymous_15)" hits="10" signature="()V">
              <lines>
                <line number="193" hits="10"/>
              </lines>
            </method>
            <method name="(anonymous_16)" hits="7" signature="()V">
              <lines>
                <line number="194" hits="7"/>
              </lines>
            </method>
            <method name="(anonymous_17)" hits="9" signature="()V">
              <lines>
                <line number="205" hits="9"/>
              </lines>
            </method>
            <method name="(anonymous_18)" hits="76" signature="()V">
              <lines>
                <line number="214" hits="76"/>
              </lines>
            </method>
            <method name="(anonymous_19)" hits="61" signature="()V">
              <lines>
                <line number="215" hits="61"/>
              </lines>
            </method>
            <method name="(anonymous_20)" hits="46" signature="()V">
              <lines>
                <line number="216" hits="46"/>
              </lines>
            </method>
            <method name="(anonymous_21)" hits="16" signature="()V">
              <lines>
                <line number="224" hits="16"/>
              </lines>
            </method>
            <method name="getHandValue" hits="39" signature="()V">
              <lines>
                <line number="240" hits="39"/>
              </lines>
            </method>
            <method name="getHandInfo" hits="8" signature="()V">
              <lines>
                <line number="265" hits="8"/>
              </lines>
            </method>
            <method name="findWinner" hits="4" signature="()V">
              <lines>
                <line number="281" hits="4"/>
              </lines>
            </method>
            <method name="findWinnerWithHand" hits="5" signature="()V">
              <lines>
                <line number="305" hits="5"/>
              </lines>
            </method>
            <method name="findWinners" hits="3" signature="()V">
              <lines>
                <line number="336" hits="3"/>
              </lines>
            </method>
            <method name="(anonymous_27)" hits="1" signature="()V">
              <lines>
                <line number="372" hits="1"/>
              </lines>
            </method>
            <method name="(anonymous_28)" hits="3" signature="()V">
              <lines>
                <line number="383" hits="3"/>
              </lines>
            </method>
          </methods>
          <lines>
            <line number="16" hits="4" branch="false"/>
            <line number="33" hits="452" branch="true" condition-coverage="50% (1/2)"/>
            <line number="37" hits="45" branch="false"/>
            <line number="38" hits="275" branch="true" condition-coverage="100% (2/2)"/>
            <line number="39" hits="45" branch="false"/>
            <line number="43" hits="45" branch="false"/>
            <line number="44" hits="45" branch="false"/>
            <line number="45" hits="275" branch="true" condition-coverage="100% (2/2)"/>
            <line number="46" hits="275" branch="false"/>
            <line number="47" hits="275" branch="false"/>
            <line number="49" hits="45" branch="false"/>
            <line number="59" hits="211" branch="false"/>
            <line number="62" hits="50" branch="true" condition-coverage="100% (2/2)"/>
            <line number="64" hits="50" branch="false"/>
            <line number="65" hits="50" branch="false"/>
            <line number="66" hits="212" branch="true" condition-coverage="100% (2/2)"/>
            <line number="67" hits="133" branch="false"/>
            <line number="68" hits="133" branch="true" condition-coverage="100% (2/2)"/>
            <line number="70" hits="21" branch="false"/>
            <line number="71" hits="21" branch="false"/>
            <line number="73" hits="79" branch="true" condition-coverage="50% (1/2)"/>
            <line number="74" hits="79" branch="false"/>
            <line number="77" hits="29" branch="false"/>
            <line number="89" hits="4" branch="false"/>
            <line number="92" hits="47" branch="false"/>
            <line number="93" hits="47" branch="false"/>
            <line number="94" hits="47" branch="false"/>
            <line number="111" hits="47" branch="true" condition-coverage="100% (2/2)"/>
            <line number="113" hits="2" branch="false"/>
            <line number="114" hits="2" branch="false"/>
            <line number="115" hits="2" branch="false"/>
            <line number="118" hits="45" branch="false"/>
            <line number="119" hits="45" branch="false"/>
            <line number="122" hits="45" branch="false"/>
            <line number="123" hits="236" branch="false"/>
            <line number="124" hits="246" branch="true" condition-coverage="100% (2/2)"/>
            <line number="127" hits="45" branch="false"/>
            <line number="128" hits="45" branch="false"/>
            <line number="129" hits="45" branch="false"/>
            <line number="130" hits="162" branch="true" condition-coverage="100% (2/2)"/>
            <line number="132" hits="5" branch="false"/>
            <line number="136" hits="25" branch="true" condition-coverage="50% (2/4)"/>
            <line number="138" hits="5" branch="false"/>
            <line number="143" hits="45" branch="false"/>
            <line number="145" hits="45" branch="true" condition-coverage="100% (2/2)"/>
            <line number="146" hits="5" branch="false"/>
            <line number="147" hits="5" branch="false"/>
            <line number="148" hits="5" branch="true" condition-coverage="100% (2/2)"/>
            <line number="150" hits="3" branch="false"/>
            <line number="151" hits="3" branch="false"/>
            <line number="156" hits="42" branch="true" condition-coverage="100% (2/2)"/>
            <line number="157" hits="1" branch="false"/>
            <line number="158" hits="2" branch="true" condition-coverage="50% (1/2)"/>
            <line number="159" hits="1" branch="false"/>
            <line number="160" hits="1" branch="false"/>
            <line number="164" hits="41" branch="true" condition-coverage="100% (2/2)"/>
            <line number="165" hits="4" branch="false"/>
            <line number="166" hits="4" branch="false"/>
            <line number="167" hits="15" branch="true" condition-coverage="100% (2/2)"/>
            <line number="169" hits="4" branch="true" condition-coverage="100% (2/2)"/>
            <line number="170" hits="1" branch="false"/>
            <line number="171" hits="1" branch="false"/>
            <line number="176" hits="40" branch="true" condition-coverage="100% (2/2)"/>
            <line number="177" hits="2" branch="false"/>
            <line number="178" hits="2" branch="false"/>
            <line number="179" hits="2" branch="false"/>
            <line number="183" hits="38" branch="true" condition-coverage="100% (2/2)"/>
            <line number="184" hits="14" branch="false"/>
            <line number="185" hits="14" branch="false"/>
            <line number="189" hits="24" branch="true" condition-coverage="100% (2/2)"/>
            <line number="190" hits="3" branch="false"/>
            <line number="191" hits="3" branch="false"/>
            <line number="192" hits="13" branch="false"/>
            <line number="193" hits="10" branch="false"/>
            <line number="194" hits="7" branch="false"/>
            <line number="196" hits="3" branch="false"/>
            <line number="197" hits="3" branch="false"/>
            <line number="201" hits="21" branch="true" condition-coverage="100% (4/4)"/>
            <line number="202" hits="3" branch="false"/>
            <line number="203" hits="3" branch="false"/>
            <line number="205" hits="9" branch="true" condition-coverage="75% (3/4)"/>
            <line number="206" hits="3" branch="false"/>
            <line number="207" hits="3" branch="false"/>
            <line number="211" hits="18" branch="true" condition-coverage="100% (2/2)"/>
            <line number="212" hits="15" branch="false"/>
            <line number="213" hits="15" branch="false"/>
            <line number="214" hits="76" branch="false"/>
            <line number="215" hits="61" branch="false"/>
            <line number="216" hits="46" branch="false"/>
            <line number="218" hits="15" branch="false"/>
            <line number="219" hits="15" branch="false"/>
            <line number="223" hits="3" branch="false"/>
            <line number="224" hits="16" branch="false"/>
            <line number="226" hits="3" branch="false"/>
            <line number="227" hits="3" branch="false"/>
            <line number="242" hits="39" branch="false"/>
            <line number="244" hits="39" branch="false"/>
            <line number="245" hits="232" branch="true" condition-coverage="50% (1/2)"/>
            <line number="247" hits="39" branch="false"/>
            <line number="250" hits="4" branch="false"/>
            <line number="266" hits="8" branch="false"/>
            <line number="267" hits="8" branch="false"/>
            <line number="268" hits="47" branch="true" condition-coverage="50% (1/2)"/>
            <line number="270" hits="8" branch="false"/>
            <line number="271" hits="8" branch="true" condition-coverage="50% (1/2)"/>
            <line number="272" hits="8" branch="false"/>
            <line number="282" hits="4" branch="true" condition-coverage="100% (2/2)"/>
            <line number="283" hits="1" branch="false"/>
            <line number="286" hits="3" branch="false"/>
            <line number="287" hits="3" branch="false"/>
            <line number="289" hits="3" branch="false"/>
            <line number="290" hits="5" branch="false"/>
            <line number="291" hits="5" branch="false"/>
            <line number="293" hits="5" branch="true" condition-coverage="100% (2/2)"/>
            <line number="294" hits="3" branch="false"/>
            <line number="295" hits="3" branch="false"/>
            <line number="299" hits="3" branch="false"/>
            <line number="309" hits="5" branch="true" condition-coverage="100% (2/2)"/>
            <line number="310" hits="1" branch="false"/>
            <line number="313" hits="4" branch="false"/>
            <line number="314" hits="4" branch="false"/>
            <line number="315" hits="4" branch="false"/>
            <line number="316" hits="4" branch="false"/>
            <line number="318" hits="4" branch="false"/>
            <line number="319" hits="8" branch="false"/>
            <line number="320" hits="8" branch="false"/>
            <line number="321" hits="8" branch="true" condition-coverage="100% (2/2)"/>
            <line number="322" hits="5" branch="false"/>
            <line number="323" hits="5" branch="false"/>
            <line number="324" hits="5" branch="false"/>
            <line number="325" hits="5" branch="false"/>
            <line number="326" hits="5" branch="false"/>
            <line number="330" hits="4" branch="false"/>
            <line number="337" hits="3" branch="false"/>
            <line number="338" hits="3" branch="false"/>
            <line number="340" hits="3" branch="false"/>
            <line number="341" hits="6" branch="false"/>
            <line number="343" hits="6" branch="true" condition-coverage="100% (2/2)"/>
            <line number="344" hits="4" branch="false"/>
            <line number="345" hits="4" branch="false"/>
            <line number="346" hits="4" branch="false"/>
            <line number="347" hits="2" branch="true" condition-coverage="100% (2/2)"/>
            <line number="348" hits="1" branch="false"/>
            <line number="352" hits="3" branch="false"/>
            <line number="373" hits="1" branch="false"/>
            <line number="375" hits="1" branch="false"/>
            <line number="376" hits="1" branch="true" condition-coverage="50% (1/2)"/>
            <line number="377" hits="1" branch="false"/>
            <line number="378" hits="1" branch="false"/>
            <line number="380" hits="1" branch="false"/>
            <line number="384" hits="3" branch="false"/>
            <line number="385" hits="3" branch="false"/>
            <line number="387" hits="3" branch="true" condition-coverage="100% (2/2)"/>
            <line number="388" hits="2" branch="true" condition-coverage="100% (2/2)"/>
            <line number="389" hits="1" branch="false"/>
          </lines>
        </class>
        <class name="GameTable.ts" filename="src/logic/GameTable.ts" line-rate="0.6552" branch-rate="0.4974">
          <methods>
            <method name="(anonymous_0)" hits="28" signature="()V">
              <lines>
                <line number="18" hits="28"/>
              </lines>
            </method>
            <method name="(anonymous_1)" hits="28" signature="()V">
              <lines>
                <line number="40" hits="28"/>
              </lines>
            </method>
            <method name="(anonymous_2)" hits="56" signature="()V">
              <lines>
                <line number="41" hits="56"/>
              </lines>
            </method>
            <method name="(anonymous_3)" hits="75" signature="()V">
              <lines>
                <line number="52" hits="75"/>
              </lines>
            </method>
            <method name="(anonymous_4)" hits="150" signature="()V">
              <lines>
                <line number="53" hits="150"/>
              </lines>
            </method>
            <method name="(anonymous_5)" hits="13" signature="()V">
              <lines>
                <line number="56" hits="13"/>
              </lines>
            </method>
            <method name="(anonymous_6)" hits="26" signature="()V">
              <lines>
                <line number="58" hits="26"/>
              </lines>
            </method>
            <method name="(anonymous_7)" hits="0" signature="()V">
              <lines>
                <line number="62" hits="0"/>
              </lines>
            </method>
            <method name="(anonymous_8)" hits="0" signature="()V">
              <lines>
                <line number="63" hits="0"/>
              </lines>
            </method>
            <method name="(anonymous_9)" hits="34" signature="()V">
              <lines>
                <line number="66" hits="34"/>
              </lines>
            </method>
            <method name="(anonymous_10)" hits="25" signature="()V">
              <lines>
                <line number="83" hits="25"/>
              </lines>
            </method>
            <method name="(anonymous_11)" hits="50" signature="()V">
              <lines>
                <line number="84" hits="50"/>
              </lines>
            </method>
            <method name="(anonymous_12)" hits="50" signature="()V">
              <lines>
                <line number="127" hits="50"/>
              </lines>
            </method>
            <method name="(anonymous_13)" hits="75" signature="()V">
              <lines>
                <line number="128" hits="75"/>
              </lines>
            </method>
            <method name="(anonymous_14)" hits="25" signature="()V">
              <lines>
                <line number="138" hits="25"/>
              </lines>
            </method>
            <method name="(anonymous_15)" hits="25" signature="()V">
              <lines>
                <line number="146" hits="25"/>
              </lines>
            </method>
            <method name="(anonymous_16)" hits="0" signature="()V">
              <lines>
                <line number="152" hits="0"/>
              </lines>
            </method>
            <method name="(anonymous_17)" hits="9" signature="()V">
              <lines>
                <line number="163" hits="9"/>
              </lines>
            </method>
            <method name="(anonymous_18)" hits="9" signature="()V">
              <lines>
                <line number="171" hits="9"/>
              </lines>
            </method>
            <method name="(anonymous_19)" hits="6" signature="()V">
              <lines>
                <line number="180" hits="6"/>
              </lines>
            </method>
            <method name="(anonymous_20)" hits="10" signature="()V">
              <lines>
                <line number="188" hits="10"/>
              </lines>
            </method>
            <method name="(anonymous_21)" hits="2" signature="()V">
              <lines>
                <line number="194" hits="2"/>
              </lines>
            </method>
            <method name="(anonymous_22)" hits="0" signature="()V">
              <lines>
                <line number="210" hits="0"/>
              </lines>
            </method>
            <method name="(anonymous_23)" hits="0" signature="()V">
              <lines>
                <line number="211" hits="0"/>
              </lines>
            </method>
            <method name="(anonymous_24)" hits="12" signature="()V">
              <lines>
                <line number="222" hits="12"/>
              </lines>
            </method>
            <method name="(anonymous_25)" hits="5" signature="()V">
              <lines>
                <line number="258" hits="5"/>
              </lines>
            </method>
            <method name="(anonymous_26)" hits="6" signature="()V">
              <lines>
                <line number="262" hits="6"/>
              </lines>
            </method>
            <method name="(anonymous_27)" hits="6" signature="()V">
              <lines>
                <line number="269" hits="6"/>
              </lines>
            </method>
            <method name="(anonymous_28)" hits="0" signature="()V">
              <lines>
                <line number="292" hits="0"/>
              </lines>
            </method>
            <method name="(anonymous_29)" hits="0" signature="()V">
              <lines>
                <line number="293" hits="0"/>
              </lines>
            </method>
            <method name="(anonymous_30)" hits="25" signature="()V">
              <lines>
                <line number="312" hits="25"/>
              </lines>
            </method>
            <method name="(anonymous_31)" hits="0" signature="()V">
              <lines>
                <line number="343" hits="0"/>
              </lines>
            </method>
            <method name="(anonymous_32)" hits="0" signature="()V">
              <lines>
                <line number="355" hits="0"/>
              </lines>
            </method>
            <method name="(anonymous_33)" hits="0" signature="()V">
              <lines>
                <line number="358" hits="0"/>
              </lines>
            </method>
            <method name="(anonymous_34)" hits="0" signature="()V">
              <lines>
                <line number="360" hits="0"/>
              </lines>
            </method>
            <method name="(anonymous_35)" hits="35" signature="()V">
              <lines>
                <line number="390" hits="35"/>
              </lines>
            </method>
            <method name="(anonymous_36)" hits="43" signature="()V">
              <lines>
                <line number="391" hits="43"/>
              </lines>
            </method>
            <method name="(anonymous_37)" hits="6" signature="()V">
              <lines>
                <line number="394" hits="6"/>
              </lines>
            </method>
            <method name="(anonymous_38)" hits="0" signature="()V">
              <lines>
                <line number="399" hits="0"/>
              </lines>
            </method>
            <method name="(anonymous_39)" hits="13" signature="()V">
              <lines>
                <line number="404" hits="13"/>
              </lines>
            </method>
            <method name="(anonymous_40)" hits="0" signature="()V">
              <lines>
                <line number="410" hits="0"/>
              </lines>
            </method>
            <method name="(anonymous_41)" hits="11" signature="()V">
              <lines>
                <line number="423" hits="11"/>
              </lines>
            </method>
            <method name="(anonymous_42)" hits="12" signature="()V">
              <lines>
                <line number="538" hits="12"/>
              </lines>
            </method>
            <method name="(anonymous_43)" hits="3" signature="()V">
              <lines>
                <line number="550" hits="3"/>
              </lines>
            </method>
            <method name="(anonymous_44)" hits="4" signature="()V">
              <lines>
                <line number="560" hits="4"/>
              </lines>
            </method>
            <method name="(anonymous_45)" hits="0" signature="()V">
              <lines>
                <line number="576" hits="0"/>
              </lines>
            </method>
            <method name="(anonymous_46)" hits="1" signature="()V">
              <lines>
                <line number="585" hits="1"/>
              </lines>
            </method>
            <method name="(anonymous_47)" hits="2" signature="()V">
              <lines>
                <line number="592" hits="2"/>
              </lines>
            </method>
            <method name="(anonymous_48)" hits="1" signature="()V">
              <lines>
                <line number="599" hits="1"/>
              </lines>
            </method>
            <method name="(anonymous_49)" hits="1" signature="()V">
              <lines>
                <line number="605" hits="1"/>
              </lines>
            </method>
            <method name="(anonymous_50)" hits="3" signature="()V">
              <lines>
                <line number="619" hits="3"/>
              </lines>
            </method>
            <method name="(anonymous_51)" hits="6" signature="()V">
              <lines>
                <line number="629" hits="6"/>
              </lines>
            </method>
          </methods>
          <lines>
            <line number="19" hits="28" branch="false"/>
            <line number="20" hits="28" branch="false"/>
            <line number="21" hits="28" branch="false"/>
            <line number="22" hits="28" branch="false"/>
            <line number="23" hits="28" branch="false"/>
            <line number="24" hits="28" branch="false"/>
            <line number="25" hits="28" branch="false"/>
            <line number="26" hits="28" branch="false"/>
            <line number="28" hits="28" branch="false"/>
            <line number="37" hits="28" branch="false"/>
            <line number="41" hits="28" branch="false"/>
            <line number="42" hits="56" branch="true" condition-coverage="50% (1/2)"/>
            <line number="43" hits="56" branch="true" condition-coverage="100% (2/2)"/>
            <line number="44" hits="56" branch="true" condition-coverage="50% (1/2)"/>
            <line number="45" hits="56" branch="false"/>
            <line number="46" hits="56" branch="false"/>
            <line number="47" hits="56" branch="true" condition-coverage="100% (2/2)"/>
            <line number="48" hits="56" branch="true" condition-coverage="50% (1/2)"/>
            <line number="53" hits="150" branch="false"/>
            <line number="57" hits="13" branch="false"/>
            <line number="58" hits="26" branch="true" condition-coverage="100% (2/2)"/>
            <line number="63" hits="0" branch="false"/>
            <line number="67" hits="34" branch="true" condition-coverage="50% (1/2)"/>
            <line number="69" hits="34" branch="false"/>
            <line number="71" hits="34" branch="false"/>
            <line number="72" hits="34" branch="false"/>
            <line number="73" hits="34" branch="false"/>
            <line number="75" hits="34" branch="true" condition-coverage="75% (3/4)"/>
            <line number="76" hits="34" branch="false"/>
            <line number="80" hits="0" branch="false"/>
            <line number="84" hits="25" branch="false"/>
            <line number="85" hits="50" branch="false"/>
            <line number="86" hits="50" branch="false"/>
            <line number="87" hits="50" branch="false"/>
            <line number="88" hits="50" branch="false"/>
            <line number="91" hits="25" branch="false"/>
            <line number="92" hits="25" branch="true" condition-coverage="75% (3/4)"/>
            <line number="93" hits="0" branch="false"/>
            <line number="96" hits="25" branch="false"/>
            <line number="97" hits="25" branch="false"/>
            <line number="99" hits="25" branch="true" condition-coverage="50% (1/2)"/>
            <line number="100" hits="25" branch="false"/>
            <line number="102" hits="25" branch="false"/>
            <line number="103" hits="25" branch="true" condition-coverage="50% (1/2)"/>
            <line number="104" hits="25" branch="false"/>
            <line number="107" hits="25" branch="false"/>
            <line number="110" hits="0" branch="false"/>
            <line number="112" hits="0" branch="false"/>
            <line number="113" hits="0" branch="true" condition-coverage="0% (0/2)"/>
            <line number="114" hits="0" branch="false"/>
            <line number="118" hits="0" branch="true" condition-coverage="0% (0/2)"/>
            <line number="122" hits="0" branch="true" condition-coverage="0% (0/2)"/>
            <line number="123" hits="0" branch="false"/>
            <line number="128" hits="75" branch="false"/>
            <line number="129" hits="50" branch="true" condition-coverage="50% (1/2)"/>
            <line number="131" hits="50" branch="false"/>
            <line number="132" hits="50" branch="false"/>
            <line number="133" hits="50" branch="false"/>
            <line number="134" hits="50" branch="false"/>
            <line number="135" hits="50" branch="false"/>
            <line number="139" hits="25" branch="true" condition-coverage="50% (1/2)"/>
            <line number="141" hits="25" branch="false"/>
            <line number="142" hits="25" branch="false"/>
            <line number="143" hits="25" branch="false"/>
            <line number="147" hits="25" branch="true" condition-coverage="50% (1/2)"/>
            <line number="148" hits="25" branch="true" condition-coverage="50% (1/2)"/>
            <line number="151" hits="0" branch="false"/>
            <line number="152" hits="0" branch="false"/>
            <line number="156" hits="0" branch="true" condition-coverage="0% (0/2)"/>
            <line number="158" hits="0" branch="true" condition-coverage="0% (0/2)"/>
            <line number="165" hits="9" branch="false"/>
            <line number="166" hits="9" branch="true" condition-coverage="50% (1/2)"/>
            <line number="172" hits="9" branch="false"/>
            <line number="173" hits="9" branch="false"/>
            <line number="175" hits="9" branch="false"/>
            <line number="176" hits="18" branch="false"/>
            <line number="181" hits="6" branch="false"/>
            <line number="183" hits="6" branch="true" condition-coverage="50% (1/2)"/>
            <line number="184" hits="0" branch="false"/>
            <line number="187" hits="6" branch="false"/>
            <line number="189" hits="10" branch="true" condition-coverage="100% (2/2)"/>
            <line number="195" hits="2" branch="false"/>
            <line number="197" hits="2" branch="true" condition-coverage="50% (1/2)"/>
            <line number="199" hits="2" branch="false"/>
            <line number="200" hits="2" branch="false"/>
            <line number="201" hits="2" branch="false"/>
            <line number="202" hits="2" branch="false"/>
            <line number="211" hits="0" branch="false"/>
            <line number="212" hits="0" branch="true" condition-coverage="0% (0/4)"/>
            <line number="213" hits="0" branch="false"/>
            <line number="214" hits="0" branch="false"/>
            <line number="215" hits="0" branch="false"/>
            <line number="216" hits="0" branch="false"/>
            <line number="217" hits="0" branch="false"/>
            <line number="218" hits="0" branch="false"/>
            <line number="219" hits="0" branch="false"/>
            <line number="223" hits="12" branch="false"/>
            <line number="224" hits="12" branch="false"/>
            <line number="226" hits="12" branch="true" condition-coverage="75% (3/4)"/>
            <line number="227" hits="0" branch="false"/>
            <line number="230" hits="12" branch="false"/>
            <line number="231" hits="12" branch="false"/>
            <line number="233" hits="12" branch="true" condition-coverage="100% (2/2)"/>
            <line number="234" hits="3" branch="false"/>
            <line number="235" hits="3" branch="false"/>
            <line number="236" hits="3" branch="false"/>
            <line number="237" hits="3" branch="false"/>
            <line number="240" hits="9" branch="true" condition-coverage="100% (2/2)"/>
            <line number="241" hits="3" branch="false"/>
            <line number="242" hits="3" branch="false"/>
            <line number="243" hits="3" branch="false"/>
            <line number="244" hits="3" branch="false"/>
            <line number="247" hits="6" branch="true" condition-coverage="100% (2/2)"/>
            <line number="248" hits="3" branch="false"/>
            <line number="249" hits="3" branch="false"/>
            <line number="250" hits="3" branch="false"/>
            <line number="251" hits="3" branch="false"/>
            <line number="254" hits="3" branch="false"/>
            <line number="255" hits="3" branch="false"/>
            <line number="259" hits="5" branch="false"/>
            <line number="263" hits="6" branch="true" condition-coverage="50% (1/2)"/>
            <line number="264" hits="0" branch="false"/>
            <line number="265" hits="0" branch="false"/>
            <line number="268" hits="6" branch="false"/>
            <line number="269" hits="6" branch="false"/>
            <line number="271" hits="6" branch="false"/>
            <line number="272" hits="6" branch="false"/>
            <line number="274" hits="6" branch="false"/>
            <line number="275" hits="6" branch="false"/>
            <line number="277" hits="6" branch="true" condition-coverage="66.66666666666666% (4/6)"/>
            <line number="278" hits="6" branch="false"/>
            <line number="279" hits="6" branch="false"/>
            <line number="282" hits="0" branch="false"/>
            <line number="283" hits="0" branch="false"/>
            <line number="286" hits="0" branch="false"/>
            <line number="293" hits="0" branch="false"/>
            <line number="294" hits="0" branch="false"/>
            <line number="295" hits="0" branch="false"/>
            <line number="297" hits="0" branch="false"/>
            <line number="301" hits="0" branch="false"/>
            <line number="302" hits="0" branch="false"/>
            <line number="305" hits="0" branch="true" condition-coverage="0% (0/2)"/>
            <line number="306" hits="0" branch="false"/>
            <line number="308" hits="0" branch="false"/>
            <line number="313" hits="25" branch="true" condition-coverage="50% (1/2)"/>
            <line number="314" hits="0" branch="false"/>
            <line number="317" hits="25" branch="true" condition-coverage="50% (1/2)"/>
            <line number="318" hits="0" branch="false"/>
            <line number="321" hits="25" branch="false"/>
            <line number="322" hits="25" branch="false"/>
            <line number="323" hits="25" branch="false"/>
            <line number="324" hits="25" branch="false"/>
            <line number="325" hits="25" branch="false"/>
            <line number="326" hits="25" branch="false"/>
            <line number="327" hits="25" branch="false"/>
            <line number="328" hits="25" branch="false"/>
            <line number="330" hits="25" branch="false"/>
            <line number="331" hits="50" branch="false"/>
            <line number="332" hits="50" branch="false"/>
            <line number="333" hits="50" branch="true" condition-coverage="100% (2/2)"/>
            <line number="334" hits="50" branch="false"/>
            <line number="335" hits="50" branch="false"/>
            <line number="338" hits="25" branch="false"/>
            <line number="339" hits="25" branch="false"/>
            <line number="340" hits="25" branch="false"/>
            <line number="344" hits="0" branch="true" condition-coverage="0% (0/2)"/>
            <line number="345" hits="0" branch="false"/>
            <line number="346" hits="0" branch="true" condition-coverage="0% (0/2)"/>
            <line number="347" hits="0" branch="false"/>
            <line number="348" hits="0" branch="false"/>
            <line number="349" hits="0" branch="true" condition-coverage="0% (0/2)"/>
            <line number="350" hits="0" branch="false"/>
            <line number="352" hits="0" branch="false"/>
            <line number="356" hits="0" branch="false"/>
            <line number="358" hits="0" branch="false"/>
            <line number="360" hits="0" branch="false"/>
            <line number="361" hits="0" branch="false"/>
            <line number="364" hits="0" branch="true" condition-coverage="0% (0/2)"/>
            <line number="365" hits="0" branch="false"/>
            <line number="366" hits="0" branch="false"/>
            <line number="367" hits="0" branch="false"/>
            <line number="370" hits="0" branch="true" condition-coverage="0% (0/4)"/>
            <line number="371" hits="0" branch="false"/>
            <line number="374" hits="0" branch="true" condition-coverage="0% (0/2)"/>
            <line number="375" hits="0" branch="false"/>
            <line number="378" hits="0" branch="true" condition-coverage="0% (0/2)"/>
            <line number="379" hits="0" branch="false"/>
            <line number="383" hits="0" branch="false"/>
            <line number="391" hits="43" branch="false"/>
            <line number="395" hits="6" branch="false"/>
            <line number="396" hits="6" branch="true" condition-coverage="100% (3/3)"/>
            <line number="400" hits="0" branch="false"/>
            <line number="401" hits="0" branch="true" condition-coverage="0% (0/2)"/>
            <line number="405" hits="13" branch="false"/>
            <line number="406" hits="13" branch="true" condition-coverage="50% (1/2)"/>
            <line number="407" hits="13" branch="true" condition-coverage="50% (1/2)"/>
            <line number="411" hits="0" branch="false"/>
            <line number="412" hits="0" branch="true" condition-coverage="0% (0/2)"/>
            <line number="414" hits="0" branch="false"/>
            <line number="415" hits="0" branch="false"/>
            <line number="417" hits="0" branch="false"/>
            <line number="418" hits="0" branch="false"/>
            <line number="419" hits="0" branch="true" condition-coverage="0% (0/2)"/>
            <line number="420" hits="0" branch="true" condition-coverage="0% (0/2)"/>
            <line number="428" hits="11" branch="false"/>
            <line number="430" hits="11" branch="true" condition-coverage="50% (1/2)"/>
            <line number="431" hits="0" branch="false"/>
            <line number="434" hits="11" branch="true" condition-coverage="100% (2/2)"/>
            <line number="435" hits="1" branch="false"/>
            <line number="438" hits="10" branch="true" condition-coverage="50% (1/2)"/>
            <line number="439" hits="0" branch="false"/>
            <line number="442" hits="10" branch="true" condition-coverage="100% (2/2)"/>
            <line number="443" hits="1" branch="false"/>
            <line number="446" hits="9" branch="true" condition-coverage="50% (1/2)"/>
            <line number="447" hits="0" branch="false"/>
            <line number="450" hits="9" branch="false"/>
            <line number="452" hits="9" branch="true" condition-coverage="100% (4/4)"/>
            <line number="453" hits="2" branch="false"/>
            <line number="456" hits="7" branch="true" condition-coverage="75% (3/4)"/>
            <line number="457" hits="0" branch="false"/>
            <line number="460" hits="7" branch="true" condition-coverage="75% (3/4)"/>
            <line number="461" hits="0" branch="false"/>
            <line number="464" hits="7" branch="true" condition-coverage="100% (2/2)"/>
            <line number="465" hits="1" branch="true" condition-coverage="75% (3/4)"/>
            <line number="466" hits="0" branch="false"/>
            <line number="469" hits="1" branch="true" condition-coverage="50% (1/2)"/>
            <line number="470" hits="0" branch="false"/>
            <line number="473" hits="1" branch="false"/>
            <line number="475" hits="1" branch="true" condition-coverage="50% (1/2)"/>
            <line number="476" hits="0" branch="false"/>
            <line number="480" hits="7" branch="true" condition-coverage="100% (2/2)"/>
            <line number="481" hits="2" branch="false"/>
            <line number="482" hits="2" branch="false"/>
            <line number="484" hits="2" branch="true" condition-coverage="50% (1/2)"/>
            <line number="485" hits="2" branch="false"/>
            <line number="486" hits="2" branch="false"/>
            <line number="489" hits="0" branch="true" condition-coverage="0% (0/2)"/>
            <line number="490" hits="0" branch="false"/>
            <line number="491" hits="0" branch="false"/>
            <line number="494" hits="0" branch="false"/>
            <line number="495" hits="0" branch="false"/>
            <line number="498" hits="5" branch="true" condition-coverage="50% (1/2)"/>
            <line number="499" hits="0" branch="false"/>
            <line number="501" hits="0" branch="true" condition-coverage="0% (0/2)"/>
            <line number="502" hits="0" branch="false"/>
            <line number="503" hits="0" branch="false"/>
            <line number="506" hits="0" branch="false"/>
            <line number="507" hits="0" branch="false"/>
            <line number="510" hits="5" branch="true" condition-coverage="100% (2/2)"/>
            <line number="511" hits="4" branch="false"/>
            <line number="512" hits="4" branch="true" condition-coverage="50% (1/2)"/>
            <line number="513" hits="4" branch="false"/>
            <line number="514" hits="4" branch="false"/>
            <line number="516" hits="4" branch="true" condition-coverage="50% (1/2)"/>
            <line number="517" hits="0" branch="false"/>
            <line number="518" hits="0" branch="false"/>
            <line number="521" hits="4" branch="false"/>
            <line number="522" hits="4" branch="false"/>
            <line number="525" hits="1" branch="false"/>
            <line number="526" hits="1" branch="false"/>
            <line number="528" hits="1" branch="false"/>
            <line number="529" hits="1" branch="true" condition-coverage="50% (1/2)"/>
            <line number="530" hits="1" branch="false"/>
            <line number="531" hits="1" branch="true" condition-coverage="50% (1/2)"/>
            <line number="532" hits="1" branch="false"/>
            <line number="533" hits="1" branch="false"/>
            <line number="535" hits="1" branch="false"/>
            <line number="539" hits="12" branch="true" condition-coverage="50% (1/2)"/>
            <line number="540" hits="0" branch="false"/>
            <line number="543" hits="12" branch="true" condition-coverage="50% (1/2)"/>
            <line number="544" hits="0" branch="false"/>
            <line number="547" hits="12" branch="false"/>
            <line number="551" hits="3" branch="false"/>
            <line number="553" hits="3" branch="true" condition-coverage="50% (1/2)"/>
            <line number="555" hits="3" branch="false"/>
            <line number="556" hits="3" branch="false"/>
            <line number="560" hits="4" branch="false"/>
            <line number="562" hits="3" branch="true" condition-coverage="50% (1/2)"/>
            <line number="563" hits="3" branch="false"/>
            <line number="566" hits="3" branch="false"/>
            <line number="567" hits="3" branch="false"/>
            <line number="568" hits="3" branch="false"/>
            <line number="569" hits="3" branch="false"/>
            <line number="577" hits="0" branch="false"/>
            <line number="578" hits="0" branch="true" condition-coverage="0% (0/2)"/>
            <line number="579" hits="0" branch="false"/>
            <line number="586" hits="1" branch="false"/>
            <line number="593" hits="2" branch="false"/>
            <line number="600" hits="1" branch="true" condition-coverage="50% (1/2)"/>
            <line number="601" hits="0" branch="false"/>
            <line number="606" hits="1" branch="false"/>
            <line number="620" hits="3" branch="false"/>
            <line number="629" hits="6" branch="false"/>
          </lines>
        </class>
      </classes>
    </package>
    <package name="src.middleware" line-rate="0" branch-rate="0">
      <classes>
        <class name="auth.middleware.ts" filename="src/middleware/auth.middleware.ts" line-rate="0" branch-rate="0">
          <methods>
            <method name="authMiddleware" hits="0" signature="()V">
              <lines>
                <line number="4" hits="0"/>
              </lines>
            </method>
          </methods>
          <lines>
            <line number="6" hits="0" branch="false"/>
            <line number="8" hits="0" branch="true" condition-coverage="0% (0/2)"/>
            <line number="9" hits="0" branch="false"/>
            <line number="12" hits="0" branch="false"/>
            <line number="14" hits="0" branch="false"/>
            <line number="16" hits="0" branch="false"/>
            <line number="18" hits="0" branch="false"/>
            <line number="20" hits="0" branch="false"/>
            <line number="24" hits="0" branch="false"/>
          </lines>
        </class>
        <class name="socketAuth.middleware.ts" filename="src/middleware/socketAuth.middleware.ts" line-rate="0" branch-rate="0">
          <methods>
            <method name="socketAuth" hits="0" signature="()V">
              <lines>
                <line number="5" hits="0"/>
              </lines>
            </method>
          </methods>
          <lines>
            <line number="7" hits="0" branch="false"/>
            <line number="9" hits="0" branch="true" condition-coverage="0% (0/2)"/>
            <line number="10" hits="0" branch="false"/>
            <line number="13" hits="0" branch="false"/>
            <line number="15" hits="0" branch="false"/>
            <line number="17" hits="0" branch="false"/>
            <line number="19" hits="0" branch="false"/>
            <line number="22" hits="0" branch="false"/>
          </lines>
        </class>
      </classes>
    </package>
    <package name="src.repositories" line-rate="0" branch-rate="1">
      <classes>
        <class name="gameHistory.repository.ts" filename="src/repositories/gameHistory.repository.ts" line-rate="0" branch-rate="1">
          <methods>
            <method name="(anonymous_0)" hits="0" signature="()V">
              <lines>
                <line number="4" hits="0"/>
              </lines>
            </method>
            <method name="(anonymous_1)" hits="0" signature="()V">
              <lines>
                <line number="7" hits="0"/>
              </lines>
            </method>
          </methods>
          <lines>
            <line number="5" hits="0" branch="false"/>
            <line number="8" hits="0" branch="false"/>
            <line number="11" hits="0" branch="false"/>
          </lines>
        </class>
        <class name="index.ts" filename="src/repositories/index.ts" line-rate="0" branch-rate="0">
          <methods>
          </methods>
          <lines>
          </lines>
        </class>
        <class name="user.repository.ts" filename="src/repositories/user.repository.ts" line-rate="0" branch-rate="1">
          <methods>
            <method name="(anonymous_0)" hits="0" signature="()V">
              <lines>
                <line number="4" hits="0"/>
              </lines>
            </method>
            <method name="(anonymous_1)" hits="0" signature="()V">
              <lines>
                <line number="7" hits="0"/>
              </lines>
            </method>
            <method name="(anonymous_2)" hits="0" signature="()V">
              <lines>
                <line number="10" hits="0"/>
              </lines>
            </method>
            <method name="(anonymous_3)" hits="0" signature="()V">
              <lines>
                <line number="13" hits="0"/>
              </lines>
            </method>
            <method name="(anonymous_4)" hits="0" signature="()V">
              <lines>
                <line number="16" hits="0"/>
              </lines>
            </method>
          </methods>
          <lines>
            <line number="5" hits="0" branch="false"/>
            <line number="8" hits="0" branch="false"/>
            <line number="11" hits="0" branch="false"/>
            <line number="14" hits="0" branch="false"/>
            <line number="17" hits="0" branch="false"/>
            <line number="20" hits="0" branch="false"/>
          </lines>
        </class>
      </classes>
    </package>
    <package name="src.routes" line-rate="0" branch-rate="0">
      <classes>
        <class name="auth.routes.ts" filename="src/routes/auth.routes.ts" line-rate="0" branch-rate="0">
          <methods>
            <method name="(anonymous_0)" hits="0" signature="()V">
              <lines>
                <line number="15" hits="0"/>
              </lines>
            </method>
            <method name="(anonymous_1)" hits="0" signature="()V">
              <lines>
                <line number="36" hits="0"/>
              </lines>
            </method>
            <method name="generateToken" hits="0" signature="()V">
              <lines>
                <line number="57" hits="0"/>
              </lines>
            </method>
            <method name="(anonymous_3)" hits="0" signature="()V">
              <lines>
                <line number="62" hits="0"/>
              </lines>
            </method>
            <method name="(anonymous_4)" hits="0" signature="()V">
              <lines>
                <line number="68" hits="0"/>
              </lines>
            </method>
            <method name="(anonymous_5)" hits="0" signature="()V">
              <lines>
                <line number="130" hits="0"/>
              </lines>
            </method>
            <method name="(anonymous_6)" hits="0" signature="()V">
              <lines>
                <line number="136" hits="0"/>
              </lines>
            </method>
          </methods>
          <lines>
            <line number="10" hits="0" branch="false"/>
            <line number="16" hits="0" branch="false"/>
            <line number="17" hits="0" branch="false"/>
            <line number="25" hits="0" branch="false"/>
            <line number="31" hits="0" branch="false"/>
            <line number="37" hits="0" branch="false"/>
            <line number="38" hits="0" branch="false"/>
            <line number="46" hits="0" branch="false"/>
            <line number="52" hits="0" branch="false"/>
            <line number="54" hits="0" branch="true" condition-coverage="0% (0/2)"/>
            <line number="55" hits="0" branch="false"/>
            <line number="58" hits="0" branch="false"/>
            <line number="62" hits="0" branch="false"/>
            <line number="64" hits="0" branch="false"/>
            <line number="66" hits="0" branch="true" condition-coverage="0% (0/2)"/>
            <line number="67" hits="0" branch="false"/>
            <line number="68" hits="0" branch="false"/>
            <line number="72" hits="0" branch="false"/>
            <line number="74" hits="0" branch="false"/>
            <line number="75" hits="0" branch="false"/>
            <line number="77" hits="0" branch="false"/>
            <line number="79" hits="0" branch="false"/>
            <line number="83" hits="0" branch="true" condition-coverage="0% (0/2)"/>
            <line number="84" hits="0" branch="false"/>
            <line number="87" hits="0" branch="false"/>
            <line number="91" hits="0" branch="true" condition-coverage="0% (0/2)"/>
            <line number="92" hits="0" branch="false"/>
            <line number="95" hits="0" branch="false"/>
            <line number="97" hits="0" branch="false"/>
            <line number="107" hits="0" branch="false"/>
            <line number="109" hits="0" branch="false"/>
            <line number="122" hits="0" branch="false"/>
            <line number="123" hits="0" branch="false"/>
            <line number="130" hits="0" branch="false"/>
            <line number="132" hits="0" branch="false"/>
            <line number="134" hits="0" branch="true" condition-coverage="0% (0/2)"/>
            <line number="135" hits="0" branch="false"/>
            <line number="136" hits="0" branch="false"/>
            <line number="140" hits="0" branch="false"/>
            <line number="142" hits="0" branch="false"/>
            <line number="144" hits="0" branch="false"/>
            <line number="149" hits="0" branch="true" condition-coverage="0% (0/2)"/>
            <line number="150" hits="0" branch="false"/>
            <line number="153" hits="0" branch="false"/>
            <line number="155" hits="0" branch="true" condition-coverage="0% (0/2)"/>
            <line number="156" hits="0" branch="false"/>
            <line number="159" hits="0" branch="false"/>
            <line number="161" hits="0" branch="false"/>
            <line number="174" hits="0" branch="false"/>
            <line number="175" hits="0" branch="false"/>
          </lines>
        </class>
        <class name="bot.routes.ts" filename="src/routes/bot.routes.ts" line-rate="0" branch-rate="0">
          <methods>
            <method name="(anonymous_0)" hits="0" signature="()V">
              <lines>
                <line number="29" hits="0"/>
              </lines>
            </method>
            <method name="(anonymous_1)" hits="0" signature="()V">
              <lines>
                <line number="41" hits="0"/>
              </lines>
            </method>
            <method name="(anonymous_2)" hits="0" signature="()V">
              <lines>
                <line number="43" hits="0"/>
              </lines>
            </method>
            <method name="(anonymous_3)" hits="0" signature="()V">
              <lines>
                <line number="82" hits="0"/>
              </lines>
            </method>
            <method name="(anonymous_4)" hits="0" signature="()V">
              <lines>
                <line number="103" hits="0"/>
              </lines>
            </method>
            <method name="(anonymous_5)" hits="0" signature="()V">
              <lines>
                <line number="104" hits="0"/>
              </lines>
            </method>
            <method name="(anonymous_6)" hits="0" signature="()V">
              <lines>
                <line number="185" hits="0"/>
              </lines>
            </method>
            <method name="normalizeCard" hits="0" signature="()V">
              <lines>
                <line number="320" hits="0"/>
              </lines>
            </method>
            <method name="(anonymous_8)" hits="0" signature="()V">
              <lines>
                <line number="328" hits="0"/>
              </lines>
            </method>
            <method name="(anonymous_9)" hits="0" signature="()V">
              <lines>
                <line number="368" hits="0"/>
              </lines>
            </method>
            <method name="(anonymous_10)" hits="0" signature="()V">
              <lines>
                <line number="381" hits="0"/>
              </lines>
            </method>
            <method name="(anonymous_11)" hits="0" signature="()V">
              <lines>
                <line number="391" hits="0"/>
              </lines>
            </method>
          </methods>
          <lines>
            <line number="5" hits="0" branch="false"/>
            <line number="29" hits="0" branch="false"/>
            <line number="33" hits="0" branch="false"/>
            <line number="34" hits="0" branch="true" condition-coverage="0% (0/2)"/>
            <line number="36" hits="0" branch="false"/>
            <line number="37" hits="0" branch="false"/>
            <line number="38" hits="0" branch="false"/>
            <line number="41" hits="0" branch="false"/>
            <line number="43" hits="0" branch="false"/>
            <line number="44" hits="0" branch="false"/>
            <line number="45" hits="0" branch="false"/>
            <line number="47" hits="0" branch="true" condition-coverage="0% (0/2)"/>
            <line number="48" hits="0" branch="true" condition-coverage="0% (0/2)"/>
            <line number="49" hits="0" branch="false"/>
            <line number="51" hits="0" branch="false"/>
            <line number="55" hits="0" branch="false"/>
            <line number="58" hits="0" branch="true" condition-coverage="0% (0/2)"/>
            <line number="59" hits="0" branch="true" condition-coverage="0% (0/2)"/>
            <line number="60" hits="0" branch="false"/>
            <line number="62" hits="0" branch="true" condition-coverage="0% (0/2)"/>
            <line number="63" hits="0" branch="false"/>
            <line number="69" hits="0" branch="false"/>
            <line number="75" hits="0" branch="false"/>
            <line number="82" hits="0" branch="false"/>
            <line number="83" hits="0" branch="false"/>
            <line number="87" hits="0" branch="false"/>
            <line number="88" hits="0" branch="false"/>
            <line number="90" hits="0" branch="true" condition-coverage="0% (0/2)"/>
            <line number="91" hits="0" branch="true" condition-coverage="0% (0/2)"/>
            <line number="92" hits="0" branch="true" condition-coverage="0% (0/4)"/>
            <line number="93" hits="0" branch="false"/>
            <line number="97" hits="0" branch="false"/>
            <line number="99" hits="0" branch="false"/>
            <line number="102" hits="0" branch="false"/>
            <line number="103" hits="0" branch="false"/>
            <line number="104" hits="0" branch="false"/>
[...]
            <line number="32" hits="0" branch="false"/>
            <line number="33" hits="0" branch="true" condition-coverage="0% (0/2)"/>
            <line number="34" hits="0" branch="false"/>
            <line number="35" hits="0" branch="false"/>
            <line number="39" hits="0" branch="false"/>
            <line number="43" hits="0" branch="false"/>
            <line number="44" hits="0" branch="true" condition-coverage="0% (0/2)"/>
            <line number="45" hits="0" branch="false"/>
            <line number="50" hits="0" branch="false"/>
            <line number="51" hits="0" branch="true" condition-coverage="0% (0/2)"/>
            <line number="52" hits="0" branch="false"/>
            <line number="57" hits="0" branch="true" condition-coverage="0% (0/2)"/>
            <line number="58" hits="0" branch="false"/>
            <line number="60" hits="0" branch="false"/>
            <line number="62" hits="0" branch="false"/>
            <line number="66" hits="0" branch="false"/>
            <line number="71" hits="0" branch="false"/>
            <line number="75" hits="0" branch="false"/>
            <line number="77" hits="0" branch="true" condition-coverage="0% (0/2)"/>
            <line number="78" hits="0" branch="false"/>
            <line number="79" hits="0" branch="false"/>
            <line number="85" hits="0" branch="false"/>
          </lines>
        </class>
      </classes>
    </package>
    <package name="src.sockets" line-rate="0" branch-rate="0">
      <classes>
        <class name="game.gateway.ts" filename="src/sockets/game.gateway.ts" line-rate="0" branch-rate="0">
          <methods>
            <method name="(anonymous_0)" hits="0" signature="()V">
              <lines>
                <line number="19" hits="0"/>
              </lines>
            </method>
            <method name="(anonymous_1)" hits="0" signature="()V">
              <lines>
                <line number="25" hits="0"/>
              </lines>
            </method>
            <method name="(anonymous_2)" hits="0" signature="()V">
              <lines>
                <line number="29" hits="0"/>
              </lines>
            </method>
            <method name="(anonymous_3)" hits="0" signature="()V">
              <lines>
                <line number="30" hits="0"/>
              </lines>
            </method>
            <method name="(anonymous_4)" hits="0" signature="()V">
              <lines>
                <line number="65" hits="0"/>
              </lines>
            </method>
            <method name="(anonymous_5)" hits="0" signature="()V">
              <lines>
                <line number="66" hits="0"/>
              </lines>
            </method>
            <method name="(anonymous_6)" hits="0" signature="()V">
              <lines>
                <line number="69" hits="0"/>
              </lines>
            </method>
            <method name="(anonymous_7)" hits="0" signature="()V">
              <lines>
                <line number="82" hits="0"/>
              </lines>
            </method>
            <method name="(anonymous_8)" hits="0" signature="()V">
              <lines>
                <line number="85" hits="0"/>
              </lines>
            </method>
            <method name="(anonymous_9)" hits="0" signature="()V">
              <lines>
                <line number="95" hits="0"/>
              </lines>
            </method>
            <method name="(anonymous_10)" hits="0" signature="()V">
              <lines>
                <line number="101" hits="0"/>
              </lines>
            </method>
            <method name="(anonymous_11)" hits="0" signature="()V">
              <lines>
                <line number="106" hits="0"/>
              </lines>
            </method>
            <method name="(anonymous_12)" hits="0" signature="()V">
              <lines>
                <line number="155" hits="0"/>
              </lines>
            </method>
            <method name="(anonymous_13)" hits="0" signature="()V">
              <lines>
                <line number="286" hits="0"/>
              </lines>
            </method>
            <method name="(anonymous_14)" hits="0" signature="()V">
              <lines>
                <line number="333" hits="0"/>
              </lines>
            </method>
            <method name="(anonymous_15)" hits="0" signature="()V">
              <lines>
                <line number="378" hits="0"/>
              </lines>
            </method>
            <method name="(anonymous_16)" hits="0" signature="()V">
              <lines>
                <line number="385" hits="0"/>
              </lines>
            </method>
            <method name="(anonymous_17)" hits="0" signature="()V">
              <lines>
                <line number="426" hits="0"/>
              </lines>
            </method>
          </methods>
          <lines>
            <line number="14" hits="0" branch="false"/>
            <line number="15" hits="0" branch="false"/>
            <line number="16" hits="0" branch="false"/>
            <line number="17" hits="0" branch="false"/>
            <line number="20" hits="0" branch="false"/>
            <line number="21" hits="0" branch="false"/>
            <line number="22" hits="0" branch="false"/>
            <line number="26" hits="0" branch="false"/>
            <line number="30" hits="0" branch="false"/>
            <line number="31" hits="0" branch="false"/>
            <line number="32" hits="0" branch="false"/>
            <line number="33" hits="0" branch="true" condition-coverage="0% (0/4)"/>
            <line number="35" hits="0" branch="true" condition-coverage="0% (0/2)"/>
            <line number="36" hits="0" branch="false"/>
            <line number="37" hits="0" branch="false"/>
            <line number="41" hits="0" branch="false"/>
            <line number="44" hits="0" branch="false"/>
            <line number="45" hits="0" branch="false"/>
            <line number="50" hits="0" branch="false"/>
            <line number="51" hits="0" branch="false"/>
            <line number="52" hits="0" branch="false"/>
            <line number="54" hits="0" branch="true" condition-coverage="0% (0/2)"/>
            <line number="55" hits="0" branch="false"/>
            <line number="56" hits="0" branch="false"/>
            <line number="60" hits="0" branch="false"/>
            <line number="66" hits="0" branch="false"/>
            <line number="67" hits="0" branch="false"/>
            <line number="69" hits="0" branch="false"/>
            <line number="70" hits="0" branch="false"/>
            <line number="71" hits="0" branch="false"/>
            <line number="72" hits="0" branch="true" condition-coverage="0% (0/2)"/>
            <line number="75" hits="0" branch="true" condition-coverage="0% (0/2)"/>
            <line number="76" hits="0" branch="false"/>
            <line number="77" hits="0" branch="false"/>
            <line number="78" hits="0" branch="false"/>
            <line number="79" hits="0" branch="false"/>
            <line number="82" hits="0" branch="false"/>
            <line number="83" hits="0" branch="true" condition-coverage="0% (0/2)"/>
            <line number="85" hits="0" branch="false"/>
            <line number="86" hits="0" branch="true" condition-coverage="0% (0/2)"/>
            <line number="87" hits="0" branch="false"/>
            <line number="91" hits="0" branch="false"/>
            <line number="92" hits="0" branch="false"/>
            <line number="95" hits="0" branch="false"/>
            <line number="96" hits="0" branch="true" condition-coverage="0% (0/2)"/>
            <line number="97" hits="0" branch="false"/>
            <line number="98" hits="0" branch="false"/>
            <line number="101" hits="0" branch="false"/>
            <line number="102" hits="0" branch="true" condition-coverage="0% (0/2)"/>
            <line number="103" hits="0" branch="false"/>
            <line number="106" hits="0" branch="false"/>
            <line number="107" hits="0" branch="false"/>
            <line number="108" hits="0" branch="false"/>
            <line number="110" hits="0" branch="true" condition-coverage="0% (0/2)"/>
            <line number="111" hits="0" branch="false"/>
            <line number="119" hits="0" branch="false"/>
            <line number="123" hits="0" branch="false"/>
            <line number="126" hits="0" branch="false"/>
            <line number="127" hits="0" branch="false"/>
            <line number="129" hits="0" branch="false"/>
            <line number="130" hits="0" branch="true" condition-coverage="0% (0/2)"/>
            <line number="131" hits="0" branch="false"/>
            <line number="132" hits="0" branch="false"/>
            <line number="134" hits="0" branch="false"/>
            <line number="141" hits="0" branch="false"/>
            <line number="147" hits="0" branch="false"/>
            <line number="148" hits="0" branch="false"/>
            <line number="155" hits="0" branch="false"/>
            <line number="161" hits="0" branch="false"/>
            <line number="162" hits="0" branch="false"/>
            <line number="164" hits="0" branch="true" condition-coverage="0% (0/2)"/>
            <line number="165" hits="0" branch="false"/>
            <line number="169" hits="0" branch="false"/>
            <line number="172" hits="0" branch="false"/>
            <line number="174" hits="0" branch="true" condition-coverage="0% (0/2)"/>
            <line number="175" hits="0" branch="false"/>
            <line number="186" hits="0" branch="false"/>
            <line number="190" hits="0" branch="false"/>
            <line number="193" hits="0" branch="true" condition-coverage="0% (0/2)"/>
            <line number="194" hits="0" branch="false"/>
            <line number="202" hits="0" branch="false"/>
            <line number="206" hits="0" branch="false"/>
            <line number="209" hits="0" branch="false"/>
            <line number="210" hits="0" branch="true" condition-coverage="0% (0/2)"/>
            <line number="211" hits="0" branch="false"/>
            <line number="218" hits="0" branch="false"/>
            <line number="222" hits="0" branch="false"/>
            <line number="225" hits="0" branch="true" condition-coverage="0% (0/2)"/>
            <line number="226" hits="0" branch="false"/>
            <line number="237" hits="0" branch="false"/>
            <line number="241" hits="0" branch="false"/>
            <line number="244" hits="0" branch="true" condition-coverage="0% (0/5)"/>
            <line number="245" hits="0" branch="false"/>
            <line number="253" hits="0" branch="false"/>
            <line number="257" hits="0" branch="false"/>
            <line number="260" hits="0" branch="false"/>
            <line number="262" hits="0" branch="false"/>
            <line number="263" hits="0" branch="false"/>
            <line number="264" hits="0" branch="false"/>
            <line number="265" hits="0" branch="false"/>
            <line number="266" hits="0" branch="false"/>
            <line number="268" hits="0" branch="false"/>
            <line number="270" hits="0" branch="false"/>
            <line number="278" hits="0" branch="false"/>
            <line number="279" hits="0" branch="false"/>
            <line number="286" hits="0" branch="false"/>
            <line number="287" hits="0" branch="false"/>
            <line number="288" hits="0" branch="false"/>
            <line number="290" hits="0" branch="true" condition-coverage="0% (0/4)"/>
            <line number="291" hits="0" branch="false"/>
            <line number="294" hits="0" branch="false"/>
            <line number="295" hits="0" branch="false"/>
            <line number="297" hits="0" branch="false"/>
            <line number="298" hits="0" branch="true" condition-coverage="0% (0/4)"/>
            <line number="299" hits="0" branch="false"/>
            <line number="300" hits="0" branch="true" condition-coverage="0% (0/2)"/>
            <line number="301" hits="0" branch="false"/>
            <line number="304" hits="0" branch="false"/>
            <line number="305" hits="0" branch="false"/>
            <line number="310" hits="0" branch="false"/>
            <line number="312" hits="0" branch="false"/>
            <line number="319" hits="0" branch="false"/>
            <line number="325" hits="0" branch="false"/>
            <line number="326" hits="0" branch="false"/>
            <line number="333" hits="0" branch="false"/>
            <line number="334" hits="0" branch="false"/>
            <line number="336" hits="0" branch="false"/>
            <line number="337" hits="0" branch="true" condition-coverage="0% (0/2)"/>
            <line number="338" hits="0" branch="false"/>
            <line number="339" hits="0" branch="false"/>
            <line number="340" hits="0" branch="false"/>
            <line number="342" hits="0" branch="false"/>
            <line number="348" hits="0" branch="true" condition-coverage="0% (0/4)"/>
            <line number="349" hits="0" branch="false"/>
            <line number="350" hits="0" branch="false"/>
            <line number="351" hits="0" branch="true" condition-coverage="0% (0/2)"/>
            <line number="352" hits="0" branch="false"/>
            <line number="353" hits="0" branch="true" condition-coverage="0% (0/2)"/>
            <line number="354" hits="0" branch="false"/>
            <line number="355" hits="0" branch="false"/>
            <line number="356" hits="0" branch="true" condition-coverage="0% (0/2)"/>
            <line number="357" hits="0" branch="false"/>
            <line number="358" hits="0" branch="false"/>
            <line number="359" hits="0" branch="false"/>
            <line number="366" hits="0" branch="false"/>
            <line number="379" hits="0" branch="true" condition-coverage="0% (0/2)"/>
            <line number="380" hits="0" branch="false"/>
            <line number="383" hits="0" branch="false"/>
            <line number="385" hits="0" branch="false"/>
            <line number="386" hits="0" branch="false"/>
            <line number="387" hits="0" branch="false"/>
            <line number="388" hits="0" branch="true" condition-coverage="0% (0/2)"/>
            <line number="390" hits="0" branch="false"/>
            <line number="391" hits="0" branch="true" condition-coverage="0% (0/2)"/>
            <line number="392" hits="0" branch="false"/>
            <line number="393" hits="0" branch="false"/>
            <line number="394" hits="0" branch="true" condition-coverage="0% (0/2)"/>
            <line number="396" hits="0" branch="false"/>
            <line number="398" hits="0" branch="true" condition-coverage="0% (0/2)"/>
            <line number="399" hits="0" branch="false"/>
            <line number="400" hits="0" branch="false"/>
            <line number="402" hits="0" branch="false"/>
            <line number="405" hits="0" branch="false"/>
            <line number="408" hits="0" branch="false"/>
            <line number="409" hits="0" branch="false"/>
            <line number="410" hits="0" branch="false"/>
            <line number="411" hits="0" branch="false"/>
            <line number="413" hits="0" branch="true" condition-coverage="0% (0/2)"/>
            <line number="414" hits="0" branch="false"/>
            <line number="417" hits="0" branch="false"/>
            <line number="422" hits="0" branch="false"/>
            <line number="423" hits="0" branch="false"/>
            <line number="427" hits="0" branch="true" condition-coverage="0% (0/2)"/>
            <line number="428" hits="0" branch="false"/>
            <line number="429" hits="0" branch="false"/>
          </lines>
        </class>
      </classes>
    </package>
    <package name="src.types" line-rate="1" branch-rate="1">
      <classes>
        <class name="poker.ts" filename="src/types/poker.ts" line-rate="0" branch-rate="0">
          <methods>
          </methods>
          <lines>
          </lines>
        </class>
      </classes>
    </package>
    <package name="src.utils" line-rate="0" branch-rate="0">
      <classes>
        <class name="antiCheat.ts" filename="src/utils/antiCheat.ts" line-rate="0" branch-rate="0">
          <methods>
            <method name="(anonymous_0)" hits="0" signature="()V">
              <lines>
                <line number="6" hits="0"/>
              </lines>
            </method>
            <method name="(anonymous_1)" hits="0" signature="()V">
              <lines>
                <line number="11" hits="0"/>
              </lines>
            </method>
            <method name="(anonymous_2)" hits="0" signature="()V">
              <lines>
                <line number="15" hits="0"/>
              </lines>
            </method>
            <method name="(anonymous_3)" hits="0" signature="()V">
              <lines>
                <line number="26" hits="0"/>
              </lines>
            </method>
          </methods>
          <lines>
            <line number="2" hits="0" branch="false"/>
            <line number="7" hits="0" branch="false"/>
            <line number="8" hits="0" branch="false"/>
            <line number="12" hits="0" branch="false"/>
            <line number="13" hits="0" branch="true" condition-coverage="0% (0/2)"/>
            <line number="15" hits="0" branch="false"/>
            <line number="16" hits="0" branch="false"/>
            <line number="18" hits="0" branch="false"/>
            <line number="20" hits="0" branch="false"/>
            <line number="27" hits="0" branch="false"/>
          </lines>
        </class>
        <class name="securityLogger.ts" filename="src/utils/securityLogger.ts" line-rate="0" branch-rate="0">
          <methods>
            <method name="ensureLogsDir" hits="0" signature="()V">
              <lines>
                <line number="29" hits="0"/>
              </lines>
            </method>
            <method name="logSuspiciousAction" hits="0" signature="()V">
              <lines>
                <line number="35" hits="0"/>
              </lines>
            </method>
          </methods>
          <lines>
            <line number="26" hits="0" branch="false"/>
            <line number="27" hits="0" branch="false"/>
            <line number="30" hits="0" branch="true" condition-coverage="0% (0/2)"/>
            <line number="31" hits="0" branch="false"/>
            <line number="39" hits="0" branch="false"/>
            <line number="45" hits="0" branch="false"/>
            <line number="46" hits="0" branch="false"/>
            <line number="48" hits="0" branch="false"/>
          </lines>
        </class>
      </classes>
    </package>
    <package name="src.validation" line-rate="0" branch-rate="1">
      <classes>
        <class name="auth.validation.ts" filename="src/validation/auth.validation.ts" line-rate="0" branch-rate="1">
          <methods>
          </methods>
          <lines>
            <line number="3" hits="0" branch="false"/>
            <line number="9" hits="0" branch="false"/>
          </lines>
        </class>
        <class name="friends.validation.ts" filename="src/validation/friends.validation.ts" line-rate="0" branch-rate="1">
          <methods>
          </methods>
          <lines>
            <line number="3" hits="0" branch="false"/>
            <line number="7" hits="0" branch="false"/>
            <line number="11" hits="0" branch="false"/>
          </lines>
        </class>
        <class name="game.validation.ts" filename="src/validation/game.validation.ts" line-rate="0" branch-rate="1">
          <methods>
          </methods>
          <lines>
            <line number="3" hits="0" branch="false"/>
            <line number="9" hits="0" branch="false"/>
          </lines>
        </class>
      </classes>
    </package>
  </packages>
</coverage>
