TN:
SF:src/index.ts
FN:44,(anonymous_0)
FN:57,(anonymous_1)
FN:79,(anonymous_2)
FNF:3
FNH:0
FNDA:0,(anonymous_0)
FNDA:0,(anonymous_1)
FNDA:0,(anonymous_2)
DA:17,0
DA:19,0
DA:22,0
DA:25,0
DA:32,0
DA:40,0
DA:42,0
DA:44,0
DA:45,0
DA:46,0
DA:50,0
DA:51,0
DA:52,0
DA:53,0
DA:54,0
DA:55,0
DA:57,0
DA:58,0
DA:62,0
DA:65,0
DA:72,0
DA:75,0
DA:77,0
DA:79,0
DA:80,0
LF:25
LH:0
BRF:0
BRH:0
end_of_record
TN:
SF:src/run-tests.manual.ts
FN:6,createPlayer
FN:19,testDeckGenerate52Unique
FN:25,(anonymous_2)
FN:32,testDeckDrawRemovesCards
FN:44,testShufflePreservesCount
FN:50,testDealInitialCards
FN:68,testEvaluatorStraightFlushWinner
FN:96,testEvaluatorPairBeatsHighCard
FN:119,runAll
FNF:9
FNH:0
FNDA:0,createPlayer
FNDA:0,testDeckGenerate52Unique
FNDA:0,(anonymous_2)
FNDA:0,testDeckDrawRemovesCards
FNDA:0,testShufflePreservesCount
FNDA:0,testDealInitialCards
FNDA:0,testEvaluatorStraightFlushWinner
FNDA:0,testEvaluatorPairBeatsHighCard
FNDA:0,runAll
DA:7,0
DA:20,0
DA:21,0
DA:23,0
DA:25,0
DA:26,0
DA:28,0
DA:29,0
DA:33,0
DA:35,0
DA:36,0
DA:37,0
DA:39,0
DA:40,0
DA:41,0
DA:45,0
DA:46,0
DA:47,0
DA:51,0
DA:52,0
DA:54,0
DA:60,0
DA:62,0
DA:63,0
DA:64,0
DA:65,0
DA:69,0
DA:74,0
DA:79,0
DA:87,0
DA:88,0
DA:90,0
DA:91,0
DA:93,0
DA:97,0
DA:102,0
DA:107,0
DA:115,0
DA:116,0
DA:120,0
DA:129,0
DA:131,0
DA:132,0
DA:133,0
DA:134,0
DA:136,0
DA:137,0
DA:141,0
DA:144,0
LF:49
LH:0
BRF:0
BRH:0
end_of_record
TN:
SF:src/test-utils.ts
FN:19,makeCard
FN:23,assert
FN:27,assertEq
FN:35,assertArrayEq
FN:38,(anonymous_4)
FNF:5
FNH:0
FNDA:0,makeCard
FNDA:0,assert
FNDA:0,assertEq
FNDA:0,assertArrayEq
FNDA:0,(anonymous_4)
DA:3,0
DA:20,0
DA:24,0
DA:28,0
DA:29,0
DA:37,0
DA:38,0
DA:40,0
DA:41,0
LF:9
LH:0
BRDA:24,0,0,0
BRDA:24,0,1,0
BRDA:28,1,0,0
BRDA:28,1,1,0
BRDA:37,2,0,0
BRDA:37,2,1,0
BRDA:40,3,0,0
BRDA:40,3,1,0
BRF:8
BRH:0
end_of_record
TN:
SF:src/auth/hash.utils.ts
FNF:0
FNH:0
LF:0
LH:0
BRF:0
BRH:0
end_of_record
TN:
SF:src/auth/jwt.service.ts
FN:6,generateToken
FN:10,verifyToken
FNF:2
FNH:0
FNDA:0,generateToken
FNDA:0,verifyToken
DA:3,0
DA:4,0
DA:7,0
DA:11,0
LF:4
LH:0
BRDA:3,0,0,0
BRDA:3,0,1,0
BRF:2
BRH:0
end_of_record
TN:
SF:src/config/database.ts
FN:24,(anonymous_0)
FN:34,(anonymous_1)
FNF:2
FNH:0
FNDA:0,(anonymous_0)
FNDA:0,(anonymous_1)
DA:6,0
DA:8,0
DA:10,0
DA:11,0
DA:15,0
DA:20,0
DA:22,0
DA:24,0
DA:25,0
DA:26,0
DA:27,0
DA:29,0
DA:30,0
DA:34,0
DA:35,0
DA:36,0
LF:16
LH:0
BRDA:10,0,0,0
BRDA:10,0,1,0
BRF:2
BRH:0
end_of_record
TN:
SF:src/config/redis.config.ts
FN:18,(anonymous_0)
FN:24,(anonymous_1)
FN:28,(anonymous_2)
FN:37,(anonymous_3)
FN:44,(anonymous_4)
FN:61,(anonymous_5)
FN:66,(anonymous_6)
FN:87,(anonymous_7)
FN:94,(anonymous_8)
FN:102,(anonymous_9)
FN:108,(anonymous_10)
FN:125,(anonymous_11)
FNF:12
FNH:0
FNDA:0,(anonymous_0)
FNDA:0,(anonymous_1)
FNDA:0,(anonymous_2)
FNDA:0,(anonymous_3)
FNDA:0,(anonymous_4)
FNDA:0,(anonymous_5)
FNDA:0,(anonymous_6)
FNDA:0,(anonymous_7)
FNDA:0,(anonymous_8)
FNDA:0,(anonymous_9)
FNDA:0,(anonymous_10)
FNDA:0,(anonymous_11)
DA:14,0
DA:19,0
DA:20,0
DA:24,0
DA:25,0
DA:28,0
DA:29,0
DA:33,0
DA:37,0
DA:38,0
DA:39,0
DA:44,0
DA:61,0
DA:62,0
DA:63,0
DA:64,0
DA:66,0
DA:71,0
DA:72,0
DA:79,0
DA:81,0
DA:82,0
DA:87,0
DA:88,0
DA:89,0
DA:90,0
DA:94,0
DA:95,0
DA:96,0
DA:97,0
DA:98,0
DA:102,0
DA:103,0
DA:104,0
DA:108,0
DA:109,0
DA:110,0
DA:112,0
DA:113,0
DA:114,0
DA:115,0
DA:116,0
DA:117,0
DA:121,0
DA:125,0
DA:126,0
DA:127,0
DA:128,0
DA:129,0
LF:49
LH:0
BRDA:15,0,0,0
BRDA:15,0,1,0
BRDA:16,1,0,0
BRDA:16,1,1,0
BRDA:17,2,0,0
BRDA:17,2,1,0
BRDA:48,3,0,0
BRDA:48,3,1,0
BRDA:49,4,0,0
BRDA:49,4,1,0
BRDA:52,5,0,0
BRDA:52,5,1,0
BRDA:87,6,0,0
BRDA:97,7,0,0
BRDA:97,7,1,0
BRDA:115,8,0,0
BRDA:115,8,1,0
BRDA:117,9,0,0
BRDA:117,9,1,0
BRF:19
BRH:0
end_of_record
TN:
SF:src/logic/Deck.ts
FN:28,(anonymous_0)
FN:35,(anonymous_1)
FN:51,(anonymous_2)
FN:62,(anonymous_3)
FN:77,(anonymous_4)
FN:85,(anonymous_5)
FN:92,(anonymous_6)
FN:102,(anonymous_7)
FN:122,(anonymous_8)
FN:130,(anonymous_9)
FN:138,(anonymous_10)
FN:146,(anonymous_11)
FN:155,(anonymous_12)
FNF:13
FNH:13
FNDA:70,(anonymous_0)
FNDA:71,(anonymous_1)
FNDA:26,(anonymous_2)
FNDA:151,(anonymous_3)
FNDA:1,(anonymous_4)
FNDA:14,(anonymous_5)
FNDA:21,(anonymous_6)
FNDA:27,(anonymous_7)
FNDA:6,(anonymous_8)
FNDA:5,(anonymous_9)
FNDA:4,(anonymous_10)
FNDA:1,(anonymous_11)
FNDA:1,(anonymous_12)
DA:8,3
DA:10,3
DA:15,3
DA:24,70
DA:25,70
DA:26,70
DA:29,70
DA:36,71
DA:37,71
DA:38,284
DA:39,3692
DA:52,26
DA:53,1326
DA:54,1326
DA:63,151
DA:64,150
DA:65,149
DA:66,1
DA:69,148
DA:70,148
DA:71,148
DA:78,1
DA:79,1
DA:86,14
DA:93,21
DA:94,21
DA:95,21
DA:104,27
DA:105,53
DA:109,27
DA:110,54
DA:111,106
DA:112,106
DA:116,27
DA:123,6
DA:124,6
DA:131,5
DA:132,5
DA:139,4
DA:140,4
DA:147,1
DA:148,1
DA:149,1
DA:161,1
LF:44
LH:44
BRDA:63,0,0,1
BRDA:63,0,1,150
BRDA:64,1,0,1
BRDA:64,1,1,149
BRDA:65,2,0,1
BRDA:65,2,1,148
BRDA:105,3,0,0
BRDA:105,3,1,53
BRF:8
BRH:7
end_of_record
TN:
SF:src/logic/Evaluator.ts
FN:32,ranksDesc
FN:33,(anonymous_1)
FN:33,(anonymous_2)
FN:36,countByRank
FN:42,countBySuit
FN:57,findStraightHigh
FN:59,(anonymous_6)
FN:91,packScore
FN:110,evaluateSeven
FN:123,(anonymous_9)
FN:124,(anonymous_10)
FN:135,(anonymous_11)
FN:158,(anonymous_12)
FN:167,(anonymous_13)
FN:192,(anonymous_14)
FN:193,(anonymous_15)
FN:194,(anonymous_16)
FN:205,(anonymous_17)
FN:214,(anonymous_18)
FN:215,(anonymous_19)
FN:216,(anonymous_20)
FN:224,(anonymous_21)
FN:240,getHandValue
FN:265,getHandInfo
FN:281,findWinner
FN:305,findWinnerWithHand
FN:336,findWinners
FN:372,(anonymous_27)
FN:383,(anonymous_28)
FNF:29
FNH:29
FNDA:54,ranksDesc
FNDA:314,(anonymous_1)
FNDA:452,(anonymous_2)
FNDA:45,countByRank
FNDA:45,countBySuit
FNDA:50,findStraightHigh
FNDA:211,(anonymous_6)
FNDA:47,packScore
FNDA:47,evaluateSeven
FNDA:236,(anonymous_9)
FNDA:246,(anonymous_10)
FNDA:25,(anonymous_11)
FNDA:2,(anonymous_12)
FNDA:15,(anonymous_13)
FNDA:13,(anonymous_14)
FNDA:10,(anonymous_15)
FNDA:7,(anonymous_16)
FNDA:9,(anonymous_17)
FNDA:76,(anonymous_18)
FNDA:61,(anonymous_19)
FNDA:46,(anonymous_20)
FNDA:16,(anonymous_21)
FNDA:39,getHandValue
FNDA:8,getHandInfo
FNDA:4,findWinner
FNDA:5,findWinnerWithHand
FNDA:3,findWinners
FNDA:1,(anonymous_27)
FNDA:3,(anonymous_28)
DA:16,4
DA:33,452
DA:37,45
DA:38,275
DA:39,45
DA:43,45
DA:44,45
DA:45,275
DA:46,275
DA:47,275
DA:49,45
DA:59,211
DA:62,50
DA:64,50
DA:65,50
DA:66,212
DA:67,133
DA:68,133
DA:70,21
DA:71,21
DA:73,79
DA:74,79
DA:77,29
DA:89,4
DA:92,47
DA:93,47
DA:94,47
DA:111,47
DA:113,2
DA:114,2
DA:115,2
DA:118,45
DA:119,45
DA:122,45
DA:123,236
DA:124,246
DA:127,45
DA:128,45
DA:129,45
DA:130,162
DA:132,5
DA:136,25
DA:138,5
DA:143,45
DA:145,45
DA:146,5
DA:147,5
DA:148,5
DA:150,3
DA:151,3
DA:156,42
DA:157,1
DA:158,2
DA:159,1
DA:160,1
DA:164,41
DA:165,4
DA:166,4
DA:167,15
DA:169,4
DA:170,1
DA:171,1
DA:176,40
DA:177,2
DA:178,2
DA:179,2
DA:183,38
DA:184,14
DA:185,14
DA:189,24
DA:190,3
DA:191,3
DA:192,13
DA:193,10
DA:194,7
DA:196,3
DA:197,3
DA:201,21
DA:202,3
DA:203,3
DA:205,9
DA:206,3
DA:207,3
DA:211,18
DA:212,15
DA:213,15
DA:214,76
DA:215,61
DA:216,46
DA:218,15
DA:219,15
DA:223,3
DA:224,16
DA:226,3
DA:227,3
DA:242,39
DA:244,39
DA:245,232
DA:247,39
DA:250,4
DA:266,8
DA:267,8
DA:268,47
DA:270,8
DA:271,8
DA:272,8
DA:282,4
DA:283,1
DA:286,3
DA:287,3
DA:289,3
DA:290,5
DA:291,5
DA:293,5
DA:294,3
DA:295,3
DA:299,3
DA:309,5
DA:310,1
DA:313,4
DA:314,4
DA:315,4
DA:316,4
DA:318,4
DA:319,8
DA:320,8
DA:321,8
DA:322,5
DA:323,5
DA:324,5
DA:325,5
DA:326,5
DA:330,4
DA:337,3
DA:338,3
DA:340,3
DA:341,6
DA:343,6
DA:344,4
DA:345,4
DA:346,4
DA:347,2
DA:348,1
DA:352,3
DA:373,1
DA:375,1
DA:376,1
DA:377,1
DA:378,1
DA:380,1
DA:384,3
DA:385,3
DA:387,3
DA:388,2
DA:389,1
LF:155
LH:155
BRDA:33,0,0,314
BRDA:33,0,1,0
BRDA:38,1,0,275
BRDA:38,1,1,236
BRDA:45,2,0,275
BRDA:45,2,1,163
BRDA:62,3,0,19
BRDA:62,3,1,31
BRDA:66,4,0,133
BRDA:66,4,1,79
BRDA:68,5,0,21
BRDA:68,5,1,112
BRDA:73,6,0,79
BRDA:73,6,1,0
BRDA:111,7,0,2
BRDA:111,7,1,45
BRDA:124,8,0,246
BRDA:124,8,1,179
BRDA:130,9,0,5
BRDA:130,9,1,157
BRDA:136,10,0,25
BRDA:136,10,1,0
BRDA:136,11,0,25
BRDA:136,11,1,0
BRDA:145,12,0,5
BRDA:145,12,1,40
BRDA:148,13,0,3
BRDA:148,13,1,2
BRDA:156,14,0,1
BRDA:156,14,1,41
BRDA:158,15,0,1
BRDA:158,15,1,0
BRDA:164,16,0,4
BRDA:164,16,1,37
BRDA:167,17,0,15
BRDA:167,17,1,11
BRDA:169,18,0,1
BRDA:169,18,1,3
BRDA:176,19,0,2
BRDA:176,19,1,38
BRDA:183,20,0,14
BRDA:183,20,1,24
BRDA:189,21,0,3
BRDA:189,21,1,21
BRDA:201,22,0,3
BRDA:201,22,1,18
BRDA:201,23,0,21
BRDA:201,23,1,18
BRDA:205,24,0,3
BRDA:205,24,1,0
BRDA:205,25,0,9
BRDA:205,25,1,6
BRDA:211,26,0,15
BRDA:211,26,1,3
BRDA:245,27,0,0
BRDA:245,27,1,232
BRDA:268,28,0,0
BRDA:268,28,1,47
BRDA:271,29,0,8
BRDA:271,29,1,0
BRDA:282,30,0,1
BRDA:282,30,1,3
BRDA:293,31,0,3
BRDA:293,31,1,2
BRDA:309,32,0,1
BRDA:309,32,1,4
BRDA:321,33,0,5
BRDA:321,33,1,3
BRDA:343,34,0,4
BRDA:343,34,1,2
BRDA:347,35,0,1
BRDA:347,35,1,1
BRDA:376,36,0,1
BRDA:376,36,1,0
BRDA:387,37,0,1
BRDA:387,37,1,2
BRDA:388,38,0,1
BRDA:388,38,1,1
BRF:78
BRH:68
end_of_record
TN:
SF:src/logic/GameTable.ts
FN:18,(anonymous_0)
FN:40,(anonymous_1)
FN:41,(anonymous_2)
FN:52,(anonymous_3)
FN:53,(anonymous_4)
FN:56,(anonymous_5)
FN:58,(anonymous_6)
FN:62,(anonymous_7)
FN:63,(anonymous_8)
FN:66,(anonymous_9)
FN:83,(anonymous_10)
FN:84,(anonymous_11)
FN:127,(anonymous_12)
FN:128,(anonymous_13)
FN:138,(anonymous_14)
FN:146,(anonymous_15)
FN:152,(anonymous_16)
FN:163,(anonymous_17)
FN:171,(anonymous_18)
FN:180,(anonymous_19)
FN:188,(anonymous_20)
FN:194,(anonymous_21)
FN:210,(anonymous_22)
FN:211,(anonymous_23)
FN:222,(anonymous_24)
FN:258,(anonymous_25)
FN:262,(anonymous_26)
FN:269,(anonymous_27)
FN:292,(anonymous_28)
FN:293,(anonymous_29)
FN:312,(anonymous_30)
FN:343,(anonymous_31)
FN:355,(anonymous_32)
FN:358,(anonymous_33)
FN:360,(anonymous_34)
FN:390,(anonymous_35)
FN:391,(anonymous_36)
FN:394,(anonymous_37)
FN:399,(anonymous_38)
FN:404,(anonymous_39)
FN:410,(anonymous_40)
FN:423,(anonymous_41)
FN:538,(anonymous_42)
FN:550,(anonymous_43)
FN:560,(anonymous_44)
FN:576,(anonymous_45)
FN:585,(anonymous_46)
FN:592,(anonymous_47)
FN:599,(anonymous_48)
FN:605,(anonymous_49)
FN:619,(anonymous_50)
FN:629,(anonymous_51)
FNF:52
FNH:38
FNDA:28,(anonymous_0)
FNDA:28,(anonymous_1)
FNDA:56,(anonymous_2)
FNDA:75,(anonymous_3)
FNDA:150,(anonymous_4)
FNDA:13,(anonymous_5)
FNDA:26,(anonymous_6)
FNDA:0,(anonymous_7)
FNDA:0,(anonymous_8)
FNDA:34,(anonymous_9)
FNDA:25,(anonymous_10)
FNDA:50,(anonymous_11)
FNDA:50,(anonymous_12)
FNDA:75,(anonymous_13)
FNDA:25,(anonymous_14)
FNDA:25,(anonymous_15)
FNDA:0,(anonymous_16)
FNDA:9,(anonymous_17)
FNDA:9,(anonymous_18)
FNDA:6,(anonymous_19)
FNDA:10,(anonymous_20)
FNDA:2,(anonymous_21)
FNDA:0,(anonymous_22)
FNDA:0,(anonymous_23)
FNDA:12,(anonymous_24)
FNDA:5,(anonymous_25)
FNDA:6,(anonymous_26)
FNDA:6,(anonymous_27)
FNDA:0,(anonymous_28)
FNDA:0,(anonymous_29)
FNDA:25,(anonymous_30)
FNDA:0,(anonymous_31)
FNDA:0,(anonymous_32)
FNDA:0,(anonymous_33)
FNDA:0,(anonymous_34)
FNDA:35,(anonymous_35)
FNDA:43,(anonymous_36)
FNDA:6,(anonymous_37)
FNDA:0,(anonymous_38)
FNDA:13,(anonymous_39)
FNDA:0,(anonymous_40)
FNDA:11,(anonymous_41)
FNDA:12,(anonymous_42)
FNDA:3,(anonymous_43)
FNDA:4,(anonymous_44)
FNDA:0,(anonymous_45)
FNDA:1,(anonymous_46)
FNDA:2,(anonymous_47)
FNDA:1,(anonymous_48)
FNDA:1,(anonymous_49)
FNDA:3,(anonymous_50)
FNDA:6,(anonymous_51)
DA:19,28
DA:20,28
DA:21,28
DA:22,28
DA:23,28
DA:24,28
DA:25,28
DA:26,28
DA:28,28
DA:37,28
DA:41,28
DA:42,56
DA:43,56
DA:44,56
DA:45,56
DA:46,56
DA:47,56
DA:48,56
DA:53,150
DA:57,13
DA:58,26
DA:63,0
DA:67,34
DA:69,34
DA:71,34
DA:72,34
DA:73,34
DA:75,34
DA:76,34
DA:80,0
DA:84,25
DA:85,50
DA:86,50
DA:87,50
DA:88,50
DA:91,25
DA:92,25
DA:93,0
DA:96,25
DA:97,25
DA:99,25
DA:100,25
DA:102,25
DA:103,25
DA:104,25
DA:107,25
DA:110,0
DA:112,0
DA:113,0
DA:114,0
DA:118,0
DA:122,0
DA:123,0
DA:128,75
DA:129,50
DA:131,50
DA:132,50
DA:133,50
DA:134,50
DA:135,50
DA:139,25
DA:141,25
DA:142,25
DA:143,25
DA:147,25
DA:148,25
DA:151,0
DA:152,0
DA:156,0
DA:158,0
DA:165,9
DA:166,9
DA:172,9
DA:173,9
DA:175,9
DA:176,18
DA:181,6
DA:183,6
DA:184,0
DA:187,6
DA:189,10
DA:195,2
DA:197,2
DA:199,2
DA:200,2
DA:201,2
DA:202,2
DA:211,0
DA:212,0
DA:213,0
DA:214,0
DA:215,0
DA:216,0
DA:217,0
DA:218,0
DA:219,0
DA:223,12
DA:224,12
DA:226,12
DA:227,0
DA:230,12
DA:231,12
DA:233,12
DA:234,3
DA:235,3
DA:236,3
DA:237,3
DA:240,9
DA:241,3
DA:242,3
DA:243,3
DA:244,3
DA:247,6
DA:248,3
DA:249,3
DA:250,3
DA:251,3
DA:254,3
DA:255,3
DA:259,5
DA:263,6
DA:264,0
DA:265,0
DA:268,6
DA:269,6
DA:271,6
DA:272,6
DA:274,6
DA:275,6
DA:277,6
DA:278,6
DA:279,6
DA:282,0
DA:283,0
DA:286,0
DA:293,0
DA:294,0
DA:295,0
DA:297,0
DA:301,0
DA:302,0
DA:305,0
DA:306,0
DA:308,0
DA:313,25
DA:314,0
DA:317,25
DA:318,0
DA:321,25
DA:322,25
DA:323,25
DA:324,25
DA:325,25
DA:326,25
DA:327,25
DA:328,25
DA:330,25
DA:331,50
DA:332,50
DA:333,50
DA:334,50
DA:335,50
DA:338,25
DA:339,25
DA:340,25
DA:344,0
DA:345,0
DA:346,0
DA:347,0
DA:348,0
DA:349,0
DA:350,0
DA:352,0
DA:356,0
DA:358,0
DA:360,0
DA:361,0
DA:364,0
DA:365,0
DA:366,0
DA:367,0
DA:370,0
DA:371,0
DA:374,0
DA:375,0
DA:378,0
DA:379,0
DA:383,0
DA:391,43
DA:395,6
DA:396,6
DA:400,0
DA:401,0
DA:405,13
DA:406,13
DA:407,13
DA:411,0
DA:412,0
DA:414,0
DA:415,0
DA:417,0
DA:418,0
DA:419,0
DA:420,0
DA:428,11
DA:430,11
DA:431,0
DA:434,11
DA:435,1
DA:438,10
DA:439,0
DA:442,10
DA:443,1
DA:446,9
DA:447,0
DA:450,9
DA:452,9
DA:453,2
DA:456,7
DA:457,0
DA:460,7
DA:461,0
DA:464,7
DA:465,1
DA:466,0
DA:469,1
DA:470,0
DA:473,1
DA:475,1
DA:476,0
DA:480,7
DA:481,2
DA:482,2
DA:484,2
DA:485,2
DA:486,2
DA:489,0
DA:490,0
DA:491,0
DA:494,0
DA:495,0
DA:498,5
DA:499,0
DA:501,0
DA:502,0
DA:503,0
DA:506,0
DA:507,0
DA:510,5
DA:511,4
DA:512,4
DA:513,4
DA:514,4
DA:516,4
DA:517,0
DA:518,0
DA:521,4
DA:522,4
DA:525,1
DA:526,1
DA:528,1
DA:529,1
DA:530,1
DA:531,1
DA:532,1
DA:533,1
DA:535,1
DA:539,12
DA:540,0
DA:543,12
DA:544,0
DA:547,12
DA:551,3
DA:553,3
DA:555,3
DA:556,3
DA:560,4
DA:562,3
DA:563,3
DA:566,3
DA:567,3
DA:568,3
DA:569,3
DA:577,0
DA:578,0
DA:579,0
DA:586,1
DA:593,2
DA:600,1
DA:601,0
DA:606,1
DA:620,3
DA:629,6
LF:293
LH:192
BRDA:33,0,0,28
BRDA:33,0,1,0
BRDA:42,1,0,56
BRDA:42,1,1,0
BRDA:43,2,0,56
BRDA:43,2,1,56
BRDA:44,3,0,56
BRDA:44,3,1,0
BRDA:47,4,0,56
BRDA:47,4,1,42
BRDA:48,5,0,56
BRDA:48,5,1,0
BRDA:58,6,0,26
BRDA:58,6,1,22
BRDA:67,7,0,0
BRDA:67,7,1,34
BRDA:75,8,0,34
BRDA:75,8,1,0
BRDA:75,9,0,34
BRDA:75,9,1,34
BRDA:92,10,0,0
BRDA:92,10,1,25
BRDA:92,11,0,25
BRDA:92,11,1,25
BRDA:99,12,0,25
BRDA:99,12,1,0
BRDA:103,13,0,25
BRDA:103,13,1,0
BRDA:113,14,0,0
BRDA:113,14,1,0
BRDA:118,15,0,0
BRDA:118,15,1,0
BRDA:122,16,0,0
BRDA:122,16,1,0
BRDA:129,17,0,0
BRDA:129,17,1,50
BRDA:139,18,0,0
BRDA:139,18,1,25
BRDA:147,19,0,25
BRDA:147,19,1,0
BRDA:148,20,0,25
BRDA:148,20,1,0
BRDA:156,21,0,0
BRDA:156,21,1,0
BRDA:158,22,0,0
BRDA:158,22,1,0
BRDA:159,23,0,0
BRDA:159,23,1,0
BRDA:166,24,0,0
BRDA:166,24,1,9
BRDA:167,25,0,0
BRDA:167,25,1,0
BRDA:183,26,0,0
BRDA:183,26,1,6
BRDA:189,27,0,10
BRDA:189,27,1,4
BRDA:190,28,0,4
BRDA:190,28,1,0
BRDA:197,29,0,0
BRDA:197,29,1,2
BRDA:212,30,0,0
BRDA:212,30,1,0
BRDA:212,31,0,0
BRDA:212,31,1,0
BRDA:226,32,0,0
BRDA:226,32,1,12
BRDA:226,33,0,12
BRDA:226,33,1,12
BRDA:233,34,0,3
BRDA:233,34,1,9
BRDA:240,35,0,3
BRDA:240,35,1,6
BRDA:247,36,0,3
BRDA:247,36,1,3
BRDA:263,37,0,0
BRDA:263,37,1,6
BRDA:277,38,0,6
BRDA:277,38,1,0
BRDA:277,39,0,6
BRDA:277,39,1,6
BRDA:277,40,0,6
BRDA:277,40,1,0
BRDA:298,41,0,0
BRDA:298,41,1,0
BRDA:305,42,0,0
BRDA:305,42,1,0
BRDA:313,43,0,0
BRDA:313,43,1,25
BRDA:317,44,0,0
BRDA:317,44,1,25
BRDA:333,45,0,50
BRDA:333,45,1,50
BRDA:344,46,0,0
BRDA:344,46,1,0
BRDA:346,47,0,0
BRDA:346,47,1,0
BRDA:349,48,0,0
BRDA:349,48,1,0
BRDA:364,49,0,0
BRDA:364,49,1,0
BRDA:370,50,0,0
BRDA:370,50,1,0
BRDA:370,51,0,0
BRDA:370,51,1,0
BRDA:374,52,0,0
BRDA:374,52,1,0
BRDA:378,53,0,0
BRDA:378,53,1,0
BRDA:384,54,0,0
BRDA:384,54,1,0
BRDA:385,55,0,0
BRDA:385,55,1,0
BRDA:396,56,0,6
BRDA:396,56,1,6
BRDA:396,56,2,6
BRDA:401,57,0,0
BRDA:401,57,1,0
BRDA:406,58,0,0
BRDA:406,58,1,13
BRDA:407,59,0,13
BRDA:407,59,1,0
BRDA:412,60,0,0
BRDA:412,60,1,0
BRDA:419,61,0,0
BRDA:419,61,1,0
BRDA:420,62,0,0
BRDA:420,62,1,0
BRDA:430,63,0,0
BRDA:430,63,1,11
BRDA:434,64,0,1
BRDA:434,64,1,10
BRDA:438,65,0,0
BRDA:438,65,1,10
BRDA:442,66,0,1
BRDA:442,66,1,9
BRDA:446,67,0,0
BRDA:446,67,1,9
BRDA:452,68,0,2
BRDA:452,68,1,7
BRDA:452,69,0,9
BRDA:452,69,1,2
BRDA:456,70,0,0
BRDA:456,70,1,7
BRDA:456,71,0,7
BRDA:456,71,1,4
BRDA:460,72,0,0
BRDA:460,72,1,7
BRDA:460,73,0,7
BRDA:460,73,1,4
BRDA:464,74,0,1
BRDA:464,74,1,6
BRDA:465,75,0,0
BRDA:465,75,1,1
BRDA:465,76,0,1
BRDA:465,76,1,1
BRDA:469,77,0,0
BRDA:469,77,1,1
BRDA:475,78,0,0
BRDA:475,78,1,1
BRDA:480,79,0,2
BRDA:480,79,1,5
BRDA:484,80,0,2
BRDA:484,80,1,0
BRDA:489,81,0,0
BRDA:489,81,1,0
BRDA:498,82,0,0
BRDA:498,82,1,5
BRDA:501,83,0,0
BRDA:501,83,1,0
BRDA:510,84,0,4
BRDA:510,84,1,1
BRDA:512,85,0,4
BRDA:512,85,1,0
BRDA:516,86,0,0
BRDA:516,86,1,4
BRDA:529,87,0,1
BRDA:529,87,1,0
BRDA:531,88,0,1
BRDA:531,88,1,0
BRDA:539,89,0,0
BRDA:539,89,1,12
BRDA:543,90,0,0
BRDA:543,90,1,12
BRDA:553,91,0,3
BRDA:553,91,1,0
BRDA:562,92,0,3
BRDA:562,92,1,0
BRDA:578,93,0,0
BRDA:578,93,1,0
BRDA:600,94,0,0
BRDA:600,94,1,1
BRDA:633,95,0,6
BRDA:633,95,1,2
BRDA:634,96,0,6
BRDA:634,96,1,3
BRDA:637,97,0,6
BRDA:637,97,1,4
BRDA:639,98,0,2
BRDA:639,98,1,4
BRF:199
BRH:99
end_of_record
TN:
SF:src/middleware/auth.middleware.ts
FN:4,authMiddleware
FNF:1
FNH:0
FNDA:0,authMiddleware
DA:6,0
DA:8,0
DA:9,0
DA:12,0
DA:14,0
DA:16,0
DA:18,0
DA:20,0
DA:24,0
LF:9
LH:0
BRDA:8,0,0,0
BRDA:8,0,1,0
BRF:2
BRH:0
end_of_record
TN:
SF:src/middleware/socketAuth.middleware.ts
FN:5,socketAuth
FNF:1
FNH:0
FNDA:0,socketAuth
DA:7,0
DA:9,0
DA:10,0
DA:13,0
DA:15,0
DA:17,0
DA:19,0
DA:22,0
LF:8
LH:0
BRDA:9,0,0,0
BRDA:9,0,1,0
BRF:2
BRH:0
end_of_record
TN:
SF:src/repositories/gameHistory.repository.ts
FN:4,(anonymous_0)
FN:7,(anonymous_1)
FNF:2
FNH:0
FNDA:0,(anonymous_0)
FNDA:0,(anonymous_1)
DA:5,0
DA:8,0
DA:11,0
LF:3
LH:0
BRF:0
BRH:0
end_of_record
TN:
SF:src/repositories/index.ts
FNF:0
FNH:0
LF:0
LH:0
BRF:0
BRH:0
end_of_record
TN:
SF:src/repositories/user.repository.ts
FN:4,(anonymous_0)
FN:7,(anonymous_1)
FN:10,(anonymous_2)
FN:13,(anonymous_3)
FN:16,(anonymous_4)
FNF:5
FNH:0
FNDA:0,(anonymous_0)
FNDA:0,(anonymous_1)
FNDA:0,(anonymous_2)
FNDA:0,(anonymous_3)
FNDA:0,(anonymous_4)
DA:5,0
DA:8,0
DA:11,0
DA:14,0
DA:17,0
DA:20,0
LF:6
LH:0
BRF:0
BRH:0
end_of_record
TN:
SF:src/routes/auth.routes.ts
FN:15,(anonymous_0)
FN:36,(anonymous_1)
FN:57,generateToken
FN:62,(anonymous_3)
FN:68,(anonymous_4)
FN:130,(anonymous_5)
FN:136,(anonymous_6)
FNF:7
FNH:0
FNDA:0,(anonymous_0)
FNDA:0,(anonymous_1)
FNDA:0,generateToken
FNDA:0,(anonymous_3)
FNDA:0,(anonymous_4)
FNDA:0,(anonymous_5)
FNDA:0,(anonymous_6)
DA:10,0
DA:16,0
DA:17,0
DA:25,0
DA:31,0
DA:37,0
DA:38,0
DA:46,0
DA:52,0
DA:54,0
DA:55,0
DA:58,0
DA:62,0
DA:64,0
DA:66,0
DA:67,0
DA:68,0
DA:72,0
DA:74,0
DA:75,0
DA:77,0
DA:79,0
DA:83,0
DA:84,0
DA:87,0
DA:91,0
DA:92,0
DA:95,0
DA:97,0
DA:107,0
DA:109,0
DA:122,0
DA:123,0
DA:130,0
DA:132,0
DA:134,0
DA:135,0
DA:136,0
DA:140,0
DA:142,0
DA:144,0
DA:149,0
DA:150,0
DA:153,0
DA:155,0
DA:156,0
DA:159,0
DA:161,0
DA:174,0
DA:175,0
LF:50
LH:0
BRDA:54,0,0,0
BRDA:54,0,1,0
BRDA:66,1,0,0
BRDA:66,1,1,0
BRDA:83,2,0,0
BRDA:83,2,1,0
BRDA:91,3,0,0
BRDA:91,3,1,0
BRDA:134,4,0,0
BRDA:134,4,1,0
BRDA:149,5,0,0
BRDA:149,5,1,0
BRDA:155,6,0,0
BRDA:155,6,1,0
BRF:14
BRH:0
end_of_record
TN:
SF:src/routes/bot.routes.ts
FN:29,(anonymous_0)
FN:41,(anonymous_1)
FN:43,(anonymous_2)
FN:82,(anonymous_3)
FN:103,(anonymous_4)
FN:104,(anonymous_5)
FN:185,(anonymous_6)
FN:320,normalizeCard
FN:328,(anonymous_8)
FN:368,(anonymous_9)
FN:381,(anonymous_10)
FN:391,(anonymous_11)
FNF:12
FNH:0
FNDA:0,(anonymous_0)
FNDA:0,(anonymous_1)
FNDA:0,(anonymous_2)
FNDA:0,(anonymous_3)
FNDA:0,(anonymous_4)
FNDA:0,(anonymous_5)
FNDA:0,(anonymous_6)
FNDA:0,normalizeCard
FNDA:0,(anonymous_8)
FNDA:0,(anonymous_9)
FNDA:0,(anonymous_10)
FNDA:0,(anonymous_11)
DA:5,0
DA:29,0
DA:33,0
DA:34,0
DA:36,0
DA:37,0
DA:38,0
DA:41,0
DA:43,0
DA:44,0
DA:45,0
DA:47,0
DA:48,0
DA:49,0
DA:51,0
DA:55,0
DA:58,0
DA:59,0
DA:60,0
DA:62,0
DA:63,0
DA:69,0
DA:75,0
DA:82,0
DA:83,0
DA:87,0
DA:88,0
DA:90,0
DA:91,0
DA:92,0
DA:93,0
DA:97,0
DA:99,0
DA:102,0
DA:103,0
DA:104,0
DA:105,0
DA:106,0
DA:107,0
DA:108,0
DA:112,0
DA:114,0
DA:120,0
DA:121,0
DA:122,0
DA:128,0
DA:131,0
DA:132,0
DA:133,0
DA:135,0
DA:139,0
DA:144,0
DA:145,0
DA:146,0
DA:148,0
DA:149,0
DA:155,0
DA:156,0
DA:162,0
DA:164,0
DA:165,0
DA:166,0
DA:170,0
DA:172,0
DA:174,0
DA:175,0
DA:181,0
DA:185,0
DA:186,0
DA:190,0
DA:191,0
DA:193,0
DA:194,0
DA:195,0
DA:196,0
DA:200,0
DA:202,0
DA:204,0
DA:205,0
DA:206,0
DA:207,0
DA:208,0
DA:214,0
DA:215,0
DA:219,0
DA:221,0
DA:224,0
DA:226,0
DA:227,0
DA:228,0
DA:230,0
DA:231,0
DA:232,0
DA:236,0
DA:238,0
DA:242,0
DA:243,0
DA:244,0
DA:245,0
DA:247,0
DA:252,0
DA:253,0
DA:254,0
DA:255,0
DA:259,0
DA:261,0
DA:263,0
DA:264,0
DA:268,0
DA:270,0
DA:276,0
DA:277,0
DA:278,0
DA:282,0
DA:284,0
DA:286,0
DA:287,0
DA:293,0
DA:297,0
DA:308,0
DA:315,0
DA:321,0
DA:322,0
DA:323,0
DA:324,0
DA:325,0
DA:328,0
DA:329,0
DA:330,0
DA:332,0
DA:333,0
DA:336,0
DA:344,0
DA:346,0
DA:347,0
DA:349,0
DA:350,0
DA:352,0
DA:353,0
DA:355,0
DA:358,0
DA:360,0
DA:362,0
DA:363,0
DA:368,0
DA:369,0
DA:370,0
DA:378,0
DA:379,0
DA:381,0
DA:389,0
DA:390,0
DA:391,0
DA:392,0
DA:399,0
DA:400,0
LF:156
LH:0
BRDA:34,0,0,0
BRDA:34,0,1,0
BRDA:47,1,0,0
BRDA:47,1,1,0
BRDA:48,2,0,0
BRDA:48,2,1,0
BRDA:58,3,0,0
BRDA:58,3,1,0
BRDA:59,4,0,0
BRDA:59,4,1,0
BRDA:62,5,0,0
BRDA:62,5,1,0
BRDA:90,6,0,0
BRDA:90,6,1,0
BRDA:91,7,0,0
BRDA:91,7,1,0
BRDA:92,8,0,0
BRDA:92,8,1,0
BRDA:92,9,0,0
BRDA:92,9,1,0
BRDA:105,10,0,0
BRDA:105,10,1,0
BRDA:105,10,2,0
BRDA:105,10,3,0
BRDA:106,11,0,0
BRDA:106,11,1,0
BRDA:107,12,0,0
BRDA:107,12,1,0
BRDA:120,13,0,0
BRDA:120,13,1,0
BRDA:121,14,0,0
BRDA:121,14,1,0
BRDA:131,15,0,0
BRDA:131,15,1,0
BRDA:132,16,0,0
BRDA:132,16,1,0
BRDA:144,17,0,0
BRDA:144,17,1,0
BRDA:145,18,0,0
BRDA:145,18,1,0
BRDA:148,19,0,0
BRDA:148,19,1,0
BRDA:155,20,0,0
BRDA:155,20,1,0
BRDA:155,21,0,0
BRDA:155,21,1,0
BRDA:164,22,0,0
BRDA:164,22,1,0
BRDA:165,23,0,0
BRDA:165,23,1,0
BRDA:165,24,0,0
BRDA:165,24,1,0
BRDA:174,25,0,0
BRDA:174,25,1,0
BRDA:174,26,0,0
BRDA:174,26,1,0
BRDA:193,27,0,0
BRDA:193,27,1,0
BRDA:194,28,0,0
BRDA:194,28,1,0
BRDA:195,29,0,0
BRDA:195,29,1,0
BRDA:195,30,0,0
BRDA:195,30,1,0
BRDA:205,31,0,0
BRDA:205,31,1,0
BRDA:206,32,0,0
BRDA:206,32,1,0
BRDA:207,33,0,0
BRDA:207,33,1,0
BRDA:214,34,0,0
BRDA:214,34,1,0
BRDA:230,35,0,0
BRDA:230,35,1,0
BRDA:231,36,0,0
BRDA:231,36,1,0
BRDA:243,37,0,0
BRDA:243,37,1,0
BRDA:244,38,0,0
BRDA:244,38,1,0
BRDA:252,39,0,0
BRDA:252,39,1,0
BRDA:253,40,0,0
BRDA:253,40,1,0
BRDA:254,41,0,0
BRDA:254,41,1,0
BRDA:263,42,0,0
BRDA:263,42,1,0
BRDA:276,43,0,0
BRDA:276,43,1,0
BRDA:277,44,0,0
BRDA:277,44,1,0
BRDA:277,45,0,0
BRDA:277,45,1,0
BRDA:286,46,0,0
BRDA:286,46,1,0
BRDA:286,47,0,0
BRDA:286,47,1,0
BRDA:321,48,0,0
BRDA:321,48,1,0
BRDA:322,49,0,0
BRDA:322,49,1,0
BRDA:323,50,0,0
BRDA:323,50,1,0
BRDA:323,51,0,0
BRDA:323,51,1,0
BRDA:323,52,0,0
BRDA:323,52,1,0
BRDA:324,53,0,0
BRDA:324,53,1,0
BRDA:324,54,0,0
BRDA:324,54,1,0
BRDA:324,55,0,0
BRDA:324,55,1,0
BRDA:332,56,0,0
BRDA:332,56,1,0
BRDA:332,57,0,0
BRDA:332,57,1,0
BRDA:338,58,0,0
BRDA:338,58,1,0
BRDA:339,59,0,0
BRDA:339,59,1,0
BRDA:344,60,0,0
BRDA:344,60,1,0
BRDA:344,60,2,0
BRDA:344,60,3,0
BRDA:378,61,0,0
BRDA:378,61,1,0
BRDA:378,62,0,0
BRDA:378,62,1,0
BRDA:383,63,0,0
BRDA:383,63,1,0
BRDA:384,64,0,0
BRDA:384,64,1,0
BRDA:389,65,0,0
BRDA:389,65,1,0
BRDA:394,66,0,0
BRDA:394,66,1,0
BRF:138
BRH:0
end_of_record
TN:
SF:src/routes/friends.routes.ts
FN:13,(anonymous_0)
FN:53,(anonymous_1)
FN:189,(anonymous_2)
FN:230,(anonymous_3)
FN:317,(anonymous_4)
FN:362,(anonymous_5)
FNF:6
FNH:0
FNDA:0,(anonymous_0)
FNDA:0,(anonymous_1)
FNDA:0,(anonymous_2)
FNDA:0,(anonymous_3)
FNDA:0,(anonymous_4)
FNDA:0,(anonymous_5)
DA:8,0
DA:10,0
DA:13,0
DA:14,0
DA:16,0
DA:17,0
DA:20,0
DA:21,0
DA:23,0
DA:24,0
DA:45,0
DA:47,0
DA:48,0
DA:53,0
DA:54,0
DA:56,0
DA:58,0
DA:59,0
DA:62,0
DA:63,0
DA:65,0
DA:66,0
DA:70,0
DA:71,0
DA:74,0
DA:75,0
DA:78,0
DA:87,0
DA:88,0
DA:91,0
DA:100,0
DA:101,0
DA:104,0
DA:122,0
DA:123,0
DA:139,0
DA:157,0
DA:158,0
DA:160,0
DA:161,0
DA:162,0
DA:163,0
DA:165,0
DA:175,0
DA:178,0
DA:180,0
DA:181,0
DA:189,0
DA:190,0
DA:192,0
DA:193,0
DA:196,0
DA:197,0
DA:222,0
DA:224,0
DA:225,0
DA:230,0
DA:231,0
DA:233,0
DA:235,0
DA:236,0
DA:239,0
DA:241,0
DA:242,0
DA:246,0
DA:247,0
DA:250,0
DA:251,0
DA:254,0
DA:259,0
DA:261,0
DA:263,0
DA:265,0
DA:272,0
DA:273,0
DA:281,0
DA:282,0
DA:283,0
DA:284,0
DA:286,0
DA:291,0
DA:292,0
DA:294,0
DA:299,0
DA:303,0
DA:309,0
DA:311,0
DA:312,0
DA:317,0
DA:318,0
DA:320,0
DA:321,0
DA:324,0
DA:325,0
DA:362,0
DA:363,0
DA:366,0
DA:368,0
DA:369,0
LF:99
LH:0
BRDA:16,0,0,0
BRDA:16,0,1,0
BRDA:58,1,0,0
BRDA:58,1,1,0
BRDA:70,2,0,0
BRDA:70,2,1,0
BRDA:74,3,0,0
BRDA:74,3,1,0
BRDA:87,4,0,0
BRDA:87,4,1,0
BRDA:100,5,0,0
BRDA:100,5,1,0
BRDA:122,6,0,0
BRDA:122,6,1,0
BRDA:160,7,0,0
BRDA:160,7,1,0
BRDA:163,8,0,0
BRDA:163,8,1,0
BRDA:183,9,0,0
BRDA:183,9,1,0
BRDA:192,10,0,0
BRDA:192,10,1,0
BRDA:235,11,0,0
BRDA:235,11,1,0
BRDA:246,12,0,0
BRDA:246,12,1,0
BRDA:250,13,0,0
BRDA:250,13,1,0
BRDA:259,14,0,0
BRDA:259,14,1,0
BRDA:261,15,0,0
BRDA:261,15,1,0
BRDA:263,16,0,0
BRDA:263,16,1,0
BRDA:272,17,0,0
BRDA:272,17,1,0
BRDA:282,18,0,0
BRDA:282,18,1,0
BRDA:292,19,0,0
BRDA:292,19,1,0
BRDA:320,20,0,0
BRDA:320,20,1,0
BRDA:363,21,0,0
BRDA:363,21,1,0
BRF:44
BRH:0
end_of_record
TN:
SF:src/routes/game.api.routes.ts
FN:11,(anonymous_0)
FN:42,(anonymous_1)
FN:98,(anonymous_2)
FN:112,(anonymous_3)
FN:133,(anonymous_4)
FN:135,(anonymous_5)
FN:144,(anonymous_6)
FN:174,(anonymous_7)
FN:200,(anonymous_8)
FN:215,(anonymous_9)
FNF:10
FNH:0
FNDA:0,(anonymous_0)
FNDA:0,(anonymous_1)
FNDA:0,(anonymous_2)
FNDA:0,(anonymous_3)
FNDA:0,(anonymous_4)
FNDA:0,(anonymous_5)
FNDA:0,(anonymous_6)
FNDA:0,(anonymous_7)
FNDA:0,(anonymous_8)
FNDA:0,(anonymous_9)
DA:8,0
DA:11,0
DA:12,0
DA:13,0
DA:16,0
DA:27,0
DA:28,0
DA:32,0
DA:33,0
DA:37,0
DA:38,0
DA:42,0
DA:55,0
DA:56,0
DA:57,0
DA:60,0
DA:63,0
DA:64,0
DA:65,0
DA:69,0
DA:75,0
DA:86,0
DA:92,0
DA:93,0
DA:98,0
DA:99,0
DA:100,0
DA:101,0
DA:102,0
DA:104,0
DA:105,0
DA:108,0
DA:112,0
DA:113,0
DA:114,0
DA:115,0
DA:117,0
DA:118,0
DA:119,0
DA:122,0
DA:124,0
DA:127,0
DA:128,0
DA:133,0
DA:134,0
DA:135,0
DA:140,0
DA:144,0
DA:145,0
DA:146,0
DA:147,0
DA:149,0
DA:150,0
DA:152,0
DA:166,0
DA:168,0
DA:169,0
DA:174,0
DA:175,0
DA:176,0
DA:178,0
DA:188,0
DA:192,0
DA:193,0
DA:196,0
DA:200,0
DA:209,0
DA:210,0
DA:215,0
DA:216,0
DA:217,0
DA:219,0
DA:223,0
DA:224,0
DA:232,0
DA:238,0
DA:239,0
LF:77
LH:0
BRDA:27,0,0,0
BRDA:27,0,1,0
BRDA:32,1,0,0
BRDA:32,1,1,0
BRDA:37,2,0,0
BRDA:37,2,1,0
BRDA:64,3,0,0
BRDA:64,3,1,0
BRDA:100,4,0,0
BRDA:100,4,1,0
BRDA:104,5,0,0
BRDA:104,5,1,0
BRDA:118,6,0,0
BRDA:118,6,1,0
BRDA:147,7,0,0
BRDA:147,7,1,0
BRDA:150,8,0,0
BRDA:150,8,1,0
BRDA:157,9,0,0
BRDA:157,9,1,0
BRDA:158,10,0,0
BRDA:158,10,1,0
BRDA:162,11,0,0
BRDA:162,11,1,0
BRDA:192,12,0,0
BRDA:192,12,1,0
BRDA:192,13,0,0
BRDA:192,13,1,0
BRDA:198,14,0,0
BRDA:198,14,1,0
BRDA:199,15,0,0
BRDA:199,15,1,0
BRDA:223,16,0,0
BRDA:223,16,1,0
BRDA:234,17,0,0
BRDA:234,17,1,0
BRF:36
BRH:0
end_of_record
TN:
SF:src/routes/game.routes.ts
FN:6,(anonymous_0)
FN:10,(anonymous_1)
FN:21,(anonymous_2)
FN:43,(anonymous_3)
FN:54,(anonymous_4)
FN:70,(anonymous_5)
FNF:6
FNH:0
FNDA:0,(anonymous_0)
FNDA:0,(anonymous_1)
FNDA:0,(anonymous_2)
FNDA:0,(anonymous_3)
FNDA:0,(anonymous_4)
FNDA:0,(anonymous_5)
DA:4,0
DA:6,0
DA:7,0
DA:10,0
DA:11,0
DA:13,0
DA:14,0
DA:17,0
DA:18,0
DA:21,0
DA:22,0
DA:23,0
DA:25,0
DA:26,0
DA:29,0
DA:30,0
DA:31,0
DA:33,0
DA:35,0
DA:36,0
DA:39,0
DA:43,0
DA:44,0
DA:45,0
DA:47,0
DA:48,0
DA:51,0
DA:54,0
DA:55,0
DA:56,0
DA:58,0
DA:59,0
DA:62,0
DA:63,0
DA:64,0
DA:66,0
DA:70,0
DA:71,0
DA:72,0
DA:74,0
DA:76,0
DA:77,0
DA:80,0
DA:81,0
DA:84,0
DA:85,0
DA:86,0
DA:88,0
LF:48
LH:0
BRDA:13,0,0,0
BRDA:13,0,1,0
BRDA:13,1,0,0
BRDA:13,1,1,0
BRDA:25,2,0,0
BRDA:25,2,1,0
BRDA:25,3,0,0
BRDA:25,3,1,0
BRDA:35,4,0,0
BRDA:35,4,1,0
BRDA:47,5,0,0
BRDA:47,5,1,0
BRDA:58,6,0,0
BRDA:58,6,1,0
BRDA:76,7,0,0
BRDA:76,7,1,0
BRDA:80,8,0,0
BRDA:80,8,1,0
BRDA:80,9,0,0
BRDA:80,9,1,0
BRF:20
BRH:0
end_of_record
TN:
SF:src/routes/waitingRoom.routes.ts
FN:15,(anonymous_0)
FN:35,(anonymous_1)
FN:41,(anonymous_2)
FN:59,(anonymous_3)
FN:61,(anonymous_4)
FN:70,(anonymous_5)
FN:120,(anonymous_6)
FN:135,(anonymous_7)
FN:166,(anonymous_8)
FN:181,(anonymous_9)
FN:205,(anonymous_10)
FN:243,(anonymous_11)
FN:258,(anonymous_12)
FN:301,(anonymous_13)
FN:325,(anonymous_14)
FN:353,(anonymous_15)
FN:362,(anonymous_16)
FN:392,(anonymous_17)
FNF:18
FNH:0
FNDA:0,(anonymous_0)
FNDA:0,(anonymous_1)
FNDA:0,(anonymous_2)
FNDA:0,(anonymous_3)
FNDA:0,(anonymous_4)
FNDA:0,(anonymous_5)
FNDA:0,(anonymous_6)
FNDA:0,(anonymous_7)
FNDA:0,(anonymous_8)
FNDA:0,(anonymous_9)
FNDA:0,(anonymous_10)
FNDA:0,(anonymous_11)
FNDA:0,(anonymous_12)
FNDA:0,(anonymous_13)
FNDA:0,(anonymous_14)
FNDA:0,(anonymous_15)
FNDA:0,(anonymous_16)
FNDA:0,(anonymous_17)
DA:9,0
DA:15,0
DA:16,0
DA:17,0
DA:35,0
DA:41,0
DA:51,0
DA:53,0
DA:54,0
DA:59,0
DA:60,0
DA:61,0
DA:66,0
DA:70,0
DA:71,0
DA:72,0
DA:77,0
DA:81,0
DA:82,0
DA:86,0
DA:114,0
DA:120,0
DA:129,0
DA:130,0
DA:135,0
DA:136,0
DA:137,0
DA:139,0
DA:156,0
DA:157,0
DA:160,0
DA:166,0
DA:175,0
DA:176,0
DA:181,0
DA:182,0
DA:183,0
DA:184,0
DA:187,0
DA:192,0
DA:193,0
DA:196,0
DA:197,0
DA:200,0
DA:201,0
DA:205,0
DA:206,0
DA:207,0
DA:211,0
DA:237,0
DA:243,0
DA:252,0
DA:253,0
DA:258,0
DA:259,0
DA:260,0
DA:261,0
DA:264,0
DA:272,0
DA:278,0
DA:279,0
DA:282,0
DA:286,0
DA:287,0
DA:293,0
DA:295,0
DA:296,0
DA:301,0
DA:302,0
DA:303,0
DA:304,0
DA:306,0
DA:316,0
DA:318,0
DA:319,0
DA:325,0
DA:326,0
DA:327,0
DA:328,0
DA:330,0
DA:341,0
DA:342,0
DA:345,0
DA:346,0
DA:349,0
DA:350,0
DA:353,0
DA:354,0
DA:355,0
DA:359,0
DA:362,0
DA:375,0
DA:376,0
DA:379,0
DA:380,0
DA:381,0
DA:384,0
DA:392,0
DA:397,0
DA:398,0
DA:399,0
DA:402,0
DA:404,0
DA:405,0
LF:104
LH:0
BRDA:72,0,0,0
BRDA:81,1,0,0
BRDA:81,1,1,0
BRDA:88,2,0,0
BRDA:88,2,1,0
BRDA:156,3,0,0
BRDA:156,3,1,0
BRDA:192,4,0,0
BRDA:192,4,1,0
BRDA:196,5,0,0
BRDA:196,5,1,0
BRDA:200,6,0,0
BRDA:200,6,1,0
BRDA:206,7,0,0
BRDA:206,7,1,0
BRDA:278,8,0,0
BRDA:278,8,1,0
BRDA:278,9,0,0
BRDA:278,9,1,0
BRDA:286,10,0,0
BRDA:286,10,1,0
BRDA:286,11,0,0
BRDA:286,11,1,0
BRDA:286,11,2,0
BRDA:341,12,0,0
BRDA:341,12,1,0
BRDA:345,13,0,0
BRDA:345,13,1,0
BRDA:349,14,0,0
BRDA:349,14,1,0
BRDA:354,15,0,0
BRDA:354,15,1,0
BRDA:398,16,0,0
BRDA:398,16,1,0
BRF:34
BRH:0
end_of_record
TN:
SF:src/services/db.service.ts
FN:4,(anonymous_0)
FN:8,(anonymous_1)
FNF:2
FNH:0
FNDA:0,(anonymous_0)
FNDA:0,(anonymous_1)
DA:3,0
DA:5,0
DA:6,0
DA:9,0
DA:10,0
DA:11,0
LF:6
LH:0
BRF:0
BRH:0
end_of_record
TN:
SF:src/services/game.service.ts
FN:7,(anonymous_0)
FN:8,(anonymous_1)
FN:16,(anonymous_2)
FN:39,(anonymous_3)
FN:70,(anonymous_4)
FN:74,(anonymous_5)
FNF:6
FNH:0
FNDA:0,(anonymous_0)
FNDA:0,(anonymous_1)
FNDA:0,(anonymous_2)
FNDA:0,(anonymous_3)
FNDA:0,(anonymous_4)
FNDA:0,(anonymous_5)
DA:5,0
DA:8,0
DA:17,0
DA:18,0
DA:20,0
DA:33,0
DA:34,0
DA:36,0
DA:40,0
DA:42,0
DA:43,0
DA:46,0
DA:47,0
DA:50,0
DA:52,0
DA:65,0
DA:67,0
DA:71,0
DA:75,0
DA:79,0
LF:20
LH:0
BRDA:42,0,0,0
BRDA:42,0,1,0
BRDA:46,1,0,0
BRDA:46,1,1,0
BRF:4
BRH:0
end_of_record
TN:
SF:src/shared/activeGames.ts
FN:8,(anonymous_0)
FN:12,(anonymous_1)
FN:24,(anonymous_2)
FN:42,(anonymous_3)
FN:49,(anonymous_4)
FN:56,(anonymous_5)
FN:65,(anonymous_6)
FN:70,(anonymous_7)
FN:74,(anonymous_8)
FN:78,(anonymous_9)
FNF:10
FNH:0
FNDA:0,(anonymous_0)
FNDA:0,(anonymous_1)
FNDA:0,(anonymous_2)
FNDA:0,(anonymous_3)
FNDA:0,(anonymous_4)
FNDA:0,(anonymous_5)
FNDA:0,(anonymous_6)
FNDA:0,(anonymous_7)
FNDA:0,(anonymous_8)
FNDA:0,(anonymous_9)
DA:5,0
DA:6,0
DA:9,0
DA:13,0
DA:14,0
DA:15,0
DA:16,0
DA:18,0
DA:19,0
DA:26,0
DA:27,0
DA:31,0
DA:32,0
DA:33,0
DA:34,0
DA:35,0
DA:39,0
DA:43,0
DA:44,0
DA:45,0
DA:50,0
DA:51,0
DA:52,0
DA:57,0
DA:58,0
DA:60,0
DA:62,0
DA:66,0
DA:71,0
DA:75,0
DA:77,0
DA:78,0
DA:79,0
DA:85,0
LF:34
LH:0
BRDA:13,0,0,0
BRDA:13,0,1,0
BRDA:26,1,0,0
BRDA:26,1,1,0
BRDA:31,2,0,0
BRDA:31,2,1,0
BRDA:33,3,0,0
BRDA:33,3,1,0
BRDA:44,4,0,0
BRDA:44,4,1,0
BRDA:51,5,0,0
BRDA:51,5,1,0
BRDA:57,6,0,0
BRDA:57,6,1,0
BRDA:77,7,0,0
BRDA:77,7,1,0
BRF:16
BRH:0
end_of_record
TN:
SF:src/sockets/game.gateway.ts
FN:19,(anonymous_0)
FN:25,(anonymous_1)
FN:29,(anonymous_2)
FN:30,(anonymous_3)
FN:65,(anonymous_4)
FN:66,(anonymous_5)
FN:69,(anonymous_6)
FN:82,(anonymous_7)
FN:85,(anonymous_8)
FN:95,(anonymous_9)
FN:101,(anonymous_10)
FN:106,(anonymous_11)
FN:155,(anonymous_12)
FN:286,(anonymous_13)
FN:333,(anonymous_14)
FN:378,(anonymous_15)
FN:385,(anonymous_16)
FN:426,(anonymous_17)
FNF:18
FNH:0
FNDA:0,(anonymous_0)
FNDA:0,(anonymous_1)
FNDA:0,(anonymous_2)
FNDA:0,(anonymous_3)
FNDA:0,(anonymous_4)
FNDA:0,(anonymous_5)
FNDA:0,(anonymous_6)
FNDA:0,(anonymous_7)
FNDA:0,(anonymous_8)
FNDA:0,(anonymous_9)
FNDA:0,(anonymous_10)
FNDA:0,(anonymous_11)
FNDA:0,(anonymous_12)
FNDA:0,(anonymous_13)
FNDA:0,(anonymous_14)
FNDA:0,(anonymous_15)
FNDA:0,(anonymous_16)
FNDA:0,(anonymous_17)
DA:14,0
DA:15,0
DA:16,0
DA:17,0
DA:20,0
DA:21,0
DA:22,0
DA:26,0
DA:30,0
DA:31,0
DA:32,0
DA:33,0
DA:35,0
DA:36,0
DA:37,0
DA:41,0
DA:44,0
DA:45,0
DA:50,0
DA:51,0
DA:52,0
DA:54,0
DA:55,0
DA:56,0
DA:60,0
DA:66,0
DA:67,0
DA:69,0
DA:70,0
DA:71,0
DA:72,0
DA:75,0
DA:76,0
DA:77,0
DA:78,0
DA:79,0
DA:82,0
DA:83,0
DA:85,0
DA:86,0
DA:87,0
DA:91,0
DA:92,0
DA:95,0
DA:96,0
DA:97,0
DA:98,0
DA:101,0
DA:102,0
DA:103,0
DA:106,0
DA:107,0
DA:108,0
DA:110,0
DA:111,0
DA:119,0
DA:123,0
DA:126,0
DA:127,0
DA:129,0
DA:130,0
DA:131,0
DA:132,0
DA:134,0
DA:141,0
DA:147,0
DA:148,0
DA:155,0
DA:161,0
DA:162,0
DA:164,0
DA:165,0
DA:169,0
DA:172,0
DA:174,0
DA:175,0
DA:186,0
DA:190,0
DA:193,0
DA:194,0
DA:202,0
DA:206,0
DA:209,0
DA:210,0
DA:211,0
DA:218,0
DA:222,0
DA:225,0
DA:226,0
DA:237,0
DA:241,0
DA:244,0
DA:245,0
DA:253,0
DA:257,0
DA:260,0
DA:262,0
DA:263,0
DA:264,0
DA:265,0
DA:266,0
DA:268,0
DA:270,0
DA:278,0
DA:279,0
DA:286,0
DA:287,0
DA:288,0
DA:290,0
DA:291,0
DA:294,0
DA:295,0
DA:297,0
DA:298,0
DA:299,0
DA:300,0
DA:301,0
DA:304,0
DA:305,0
DA:310,0
DA:312,0
DA:319,0
DA:325,0
DA:326,0
DA:333,0
DA:334,0
DA:336,0
DA:337,0
DA:338,0
DA:339,0
DA:340,0
DA:342,0
DA:348,0
DA:349,0
DA:350,0
DA:351,0
DA:352,0
DA:353,0
DA:354,0
DA:355,0
DA:356,0
DA:357,0
DA:358,0
DA:359,0
DA:366,0
DA:379,0
DA:380,0
DA:383,0
DA:385,0
DA:386,0
DA:387,0
DA:388,0
DA:390,0
DA:391,0
DA:392,0
DA:393,0
DA:394,0
DA:396,0
DA:398,0
DA:399,0
DA:400,0
DA:402,0
DA:405,0
DA:408,0
DA:409,0
DA:410,0
DA:411,0
DA:413,0
DA:414,0
DA:417,0
DA:422,0
DA:423,0
DA:427,0
DA:428,0
DA:429,0
LF:175
LH:0
BRDA:33,0,0,0
BRDA:33,0,1,0
BRDA:33,1,0,0
BRDA:33,1,1,0
BRDA:35,2,0,0
BRDA:35,2,1,0
BRDA:47,3,0,0
BRDA:47,3,1,0
BRDA:54,4,0,0
BRDA:54,4,1,0
BRDA:72,5,0,0
BRDA:72,5,1,0
BRDA:75,6,0,0
BRDA:75,6,1,0
BRDA:83,7,0,0
BRDA:83,7,1,0
BRDA:86,8,0,0
BRDA:86,8,1,0
BRDA:96,9,0,0
BRDA:96,9,1,0
BRDA:102,10,0,0
BRDA:102,10,1,0
BRDA:110,11,0,0
BRDA:110,11,1,0
BRDA:130,12,0,0
BRDA:130,12,1,0
BRDA:164,13,0,0
BRDA:164,13,1,0
BRDA:174,14,0,0
BRDA:174,14,1,0
BRDA:193,15,0,0
BRDA:193,15,1,0
BRDA:210,16,0,0
BRDA:210,16,1,0
BRDA:225,17,0,0
BRDA:225,17,1,0
BRDA:244,18,0,0
BRDA:244,18,1,0
BRDA:244,19,0,0
BRDA:244,19,1,0
BRDA:244,19,2,0
BRDA:290,20,0,0
BRDA:290,20,1,0
BRDA:290,21,0,0
BRDA:290,21,1,0
BRDA:298,22,0,0
BRDA:298,22,1,0
BRDA:298,23,0,0
BRDA:298,23,1,0
BRDA:300,24,0,0
BRDA:300,24,1,0
BRDA:337,25,0,0
BRDA:337,25,1,0
BRDA:348,26,0,0
BRDA:348,26,1,0
BRDA:348,27,0,0
BRDA:348,27,1,0
BRDA:351,28,0,0
BRDA:351,28,1,0
BRDA:353,29,0,0
BRDA:353,29,1,0
BRDA:356,30,0,0
BRDA:356,30,1,0
BRDA:379,31,0,0
BRDA:379,31,1,0
BRDA:388,32,0,0
BRDA:388,32,1,0
BRDA:391,33,0,0
BRDA:391,33,1,0
BRDA:394,34,0,0
BRDA:394,34,1,0
BRDA:398,35,0,0
BRDA:398,35,1,0
BRDA:413,36,0,0
BRDA:413,36,1,0
BRDA:427,37,0,0
BRDA:427,37,1,0
BRF:77
BRH:0
end_of_record
TN:
SF:src/types/poker.ts
FNF:0
FNH:0
LF:0
LH:0
BRF:0
BRH:0
end_of_record
TN:
SF:src/utils/antiCheat.ts
FN:6,(anonymous_0)
FN:11,(anonymous_1)
FN:15,(anonymous_2)
FN:26,(anonymous_3)
FNF:4
FNH:0
FNDA:0,(anonymous_0)
FNDA:0,(anonymous_1)
FNDA:0,(anonymous_2)
FNDA:0,(anonymous_3)
DA:2,0
DA:7,0
DA:8,0
DA:12,0
DA:13,0
DA:15,0
DA:16,0
DA:18,0
DA:20,0
DA:27,0
LF:10
LH:0
BRDA:6,0,0,0
BRDA:6,1,0,0
BRDA:13,2,0,0
BRDA:13,2,1,0
BRF:4
BRH:0
end_of_record
TN:
SF:src/utils/securityLogger.ts
FN:29,ensureLogsDir
FN:35,logSuspiciousAction
FNF:2
FNH:0
FNDA:0,ensureLogsDir
FNDA:0,logSuspiciousAction
DA:26,0
DA:27,0
DA:30,0
DA:31,0
DA:39,0
DA:45,0
DA:46,0
DA:48,0
LF:8
LH:0
BRDA:30,0,0,0
BRDA:30,0,1,0
BRF:2
BRH:0
end_of_record
TN:
SF:src/validation/auth.validation.ts
FNF:0
FNH:0
DA:3,0
DA:9,0
LF:2
LH:0
BRF:0
BRH:0
end_of_record
TN:
SF:src/validation/friends.validation.ts
FNF:0
FNH:0
DA:3,0
DA:7,0
DA:11,0
LF:3
LH:0
BRF:0
BRH:0
end_of_record
TN:
SF:src/validation/game.validation.ts
FNF:0
FNH:0
DA:3,0
DA:9,0
LF:2
LH:0
BRF:0
BRH:0
end_of_record
