TN:
SF:src/index.ts
FN:42,(anonymous_0)
FN:63,(anonymous_1)
FNF:2
FNH:0
FNDA:0,(anonymous_0)
FNDA:0,(anonymous_1)
DA:18,0
DA:21,0
DA:24,0
DA:29,0
DA:31,0
DA:32,0
DA:35,0
DA:36,0
DA:37,0
DA:38,0
DA:39,0
DA:40,0
DA:42,0
DA:43,0
DA:47,0
DA:50,0
DA:55,0
DA:56,0
DA:59,0
DA:61,0
DA:63,0
DA:64,0
LF:22
LH:0
BRF:0
BRH:0
end_of_record
TN:
SF:src/run-tests.manual.ts
FN:6,createPlayer
FN:19,testDeckGenerate52Unique
FN:25,(anonymous_2)
FN:32,testDeckDrawRemovesCards
FN:44,testShufflePreservesCount
FN:50,testDealInitialCards
FN:68,testEvaluatorStraightFlushWinner
FN:96,testEvaluatorPairBeatsHighCard
FN:119,runAll
FNF:9
FNH:0
FNDA:0,createPlayer
FNDA:0,testDeckGenerate52Unique
FNDA:0,(anonymous_2)
FNDA:0,testDeckDrawRemovesCards
FNDA:0,testShufflePreservesCount
FNDA:0,testDealInitialCards
FNDA:0,testEvaluatorStraightFlushWinner
FNDA:0,testEvaluatorPairBeatsHighCard
FNDA:0,runAll
DA:7,0
DA:20,0
DA:21,0
DA:23,0
DA:25,0
DA:26,0
DA:28,0
DA:29,0
DA:33,0
DA:35,0
DA:36,0
DA:37,0
DA:39,0
DA:40,0
DA:41,0
DA:45,0
DA:46,0
DA:47,0
DA:51,0
DA:52,0
DA:54,0
DA:60,0
DA:62,0
DA:63,0
DA:64,0
DA:65,0
DA:69,0
DA:74,0
DA:79,0
DA:87,0
DA:88,0
DA:90,0
DA:91,0
DA:93,0
DA:97,0
DA:102,0
DA:107,0
DA:115,0
DA:116,0
DA:120,0
DA:129,0
DA:131,0
DA:132,0
DA:133,0
DA:134,0
DA:136,0
DA:137,0
DA:141,0
DA:144,0
LF:49
LH:0
BRF:0
BRH:0
end_of_record
TN:
SF:src/test-utils.ts
FN:19,makeCard
FN:23,assert
FN:27,assertEq
FN:35,assertArrayEq
FN:38,(anonymous_4)
FNF:5
FNH:0
FNDA:0,makeCard
FNDA:0,assert
FNDA:0,assertEq
FNDA:0,assertArrayEq
FNDA:0,(anonymous_4)
DA:3,0
DA:20,0
DA:24,0
DA:28,0
DA:29,0
DA:37,0
DA:38,0
DA:40,0
DA:41,0
LF:9
LH:0
BRDA:24,0,0,0
BRDA:24,0,1,0
BRDA:28,1,0,0
BRDA:28,1,1,0
BRDA:37,2,0,0
BRDA:37,2,1,0
BRDA:40,3,0,0
BRDA:40,3,1,0
BRF:8
BRH:0
end_of_record
TN:
SF:src/auth/hash.utils.ts
FNF:0
FNH:0
LF:0
LH:0
BRF:0
BRH:0
end_of_record
TN:
SF:src/auth/jwt.service.ts
FN:6,generateToken
FN:10,verifyToken
FNF:2
FNH:0
FNDA:0,generateToken
FNDA:0,verifyToken
DA:3,0
DA:4,0
DA:7,0
DA:11,0
LF:4
LH:0
BRDA:3,0,0,0
BRDA:3,0,1,0
BRF:2
BRH:0
end_of_record
TN:
SF:src/config/database.ts
FN:24,(anonymous_0)
FN:34,(anonymous_1)
FNF:2
FNH:0
FNDA:0,(anonymous_0)
FNDA:0,(anonymous_1)
DA:6,0
DA:8,0
DA:10,0
DA:11,0
DA:15,0
DA:20,0
DA:22,0
DA:24,0
DA:25,0
DA:26,0
DA:27,0
DA:29,0
DA:30,0
DA:34,0
DA:35,0
DA:36,0
LF:16
LH:0
BRDA:10,0,0,0
BRDA:10,0,1,0
BRF:2
BRH:0
end_of_record
TN:
SF:src/logic/Deck.ts
FN:28,(anonymous_0)
FN:35,(anonymous_1)
FN:51,(anonymous_2)
FN:62,(anonymous_3)
FN:77,(anonymous_4)
FN:85,(anonymous_5)
FN:92,(anonymous_6)
FN:102,(anonymous_7)
FN:122,(anonymous_8)
FN:130,(anonymous_9)
FN:138,(anonymous_10)
FN:146,(anonymous_11)
FN:155,(anonymous_12)
FNF:13
FNH:10
FNDA:35,(anonymous_0)
FNDA:35,(anonymous_1)
FNDA:15,(anonymous_2)
FNDA:68,(anonymous_3)
FNDA:0,(anonymous_4)
FNDA:4,(anonymous_5)
FNDA:4,(anonymous_6)
FNDA:15,(anonymous_7)
FNDA:2,(anonymous_8)
FNDA:1,(anonymous_9)
FNDA:1,(anonymous_10)
FNDA:0,(anonymous_11)
FNDA:0,(anonymous_12)
DA:8,3
DA:10,3
DA:15,3
DA:24,35
DA:25,35
DA:26,35
DA:29,35
DA:36,35
DA:37,35
DA:38,140
DA:39,1820
DA:52,15
DA:53,765
DA:54,765
DA:63,68
DA:64,68
DA:65,68
DA:66,0
DA:69,68
DA:70,68
DA:71,68
DA:78,0
DA:79,0
DA:86,4
DA:93,4
DA:94,4
DA:95,4
DA:104,15
DA:105,30
DA:109,15
DA:110,30
DA:111,60
DA:112,60
DA:116,15
DA:123,2
DA:124,2
DA:131,1
DA:132,1
DA:139,1
DA:140,1
DA:147,0
DA:148,0
DA:149,0
DA:161,0
LF:44
LH:37
BRDA:63,0,0,0
BRDA:63,0,1,68
BRDA:64,1,0,0
BRDA:64,1,1,68
BRDA:65,2,0,0
BRDA:65,2,1,68
BRDA:105,3,0,0
BRDA:105,3,1,30
BRF:8
BRH:4
end_of_record
TN:
SF:src/logic/Evaluator.ts
FN:32,ranksDesc
FN:33,(anonymous_1)
FN:33,(anonymous_2)
FN:36,countByRank
FN:42,countBySuit
FN:57,findStraightHigh
FN:59,(anonymous_6)
FN:91,packScore
FN:110,evaluateSeven
FN:123,(anonymous_9)
FN:124,(anonymous_10)
FN:135,(anonymous_11)
FN:158,(anonymous_12)
FN:167,(anonymous_13)
FN:192,(anonymous_14)
FN:193,(anonymous_15)
FN:194,(anonymous_16)
FN:205,(anonymous_17)
FN:214,(anonymous_18)
FN:215,(anonymous_19)
FN:216,(anonymous_20)
FN:224,(anonymous_21)
FN:240,getHandValue
FN:256,findWinner
FN:280,findWinners
FN:316,(anonymous_25)
FN:327,(anonymous_26)
FNF:27
FNH:25
FNDA:25,ranksDesc
FNDA:141,(anonymous_1)
FNDA:192,(anonymous_2)
FNDA:19,countByRank
FNDA:19,countBySuit
FNDA:23,findStraightHigh
FNDA:89,(anonymous_6)
FNDA:19,packScore
FNDA:19,evaluateSeven
FNDA:92,(anonymous_9)
FNDA:96,(anonymous_10)
FNDA:21,(anonymous_11)
FNDA:2,(anonymous_12)
FNDA:7,(anonymous_13)
FNDA:3,(anonymous_14)
FNDA:2,(anonymous_15)
FNDA:1,(anonymous_16)
FNDA:3,(anonymous_17)
FNDA:22,(anonymous_18)
FNDA:18,(anonymous_19)
FNDA:14,(anonymous_20)
FNDA:4,(anonymous_21)
FNDA:19,getHandValue
FNDA:3,findWinner
FNDA:1,findWinners
FNDA:0,(anonymous_25)
FNDA:0,(anonymous_26)
DA:16,3
DA:33,192
DA:37,19
DA:38,111
DA:39,19
DA:43,19
DA:44,19
DA:45,111
DA:46,111
DA:47,111
DA:49,19
DA:59,89
DA:62,23
DA:64,23
DA:65,23
DA:66,87
DA:67,57
DA:68,57
DA:70,10
DA:71,10
DA:73,30
DA:74,30
DA:77,13
DA:89,3
DA:92,19
DA:93,19
DA:94,19
DA:111,19
DA:113,0
DA:114,0
DA:115,0
DA:118,19
DA:119,19
DA:122,19
DA:123,92
DA:124,96
DA:127,19
DA:128,19
DA:129,19
DA:130,64
DA:132,4
DA:136,21
DA:138,4
DA:143,19
DA:145,19
DA:146,4
DA:147,4
DA:148,4
DA:150,2
DA:151,2
DA:156,17
DA:157,1
DA:158,2
DA:159,1
DA:160,1
DA:164,16
DA:165,3
DA:166,3
DA:167,7
DA:169,3
DA:170,2
DA:171,2
DA:176,14
DA:177,2
DA:178,2
DA:179,2
DA:183,12
DA:184,5
DA:185,5
DA:189,7
DA:190,1
DA:191,1
DA:192,3
DA:193,2
DA:194,1
DA:196,1
DA:197,1
DA:201,6
DA:202,1
DA:203,1
DA:205,3
DA:206,1
DA:207,1
DA:211,5
DA:212,4
DA:213,4
DA:214,22
DA:215,18
DA:216,14
DA:218,4
DA:219,4
DA:223,1
DA:224,4
DA:226,1
DA:227,1
DA:242,19
DA:244,19
DA:245,111
DA:247,19
DA:257,3
DA:258,0
DA:261,3
DA:262,3
DA:264,3
DA:265,6
DA:266,6
DA:268,6
DA:269,3
DA:270,3
DA:274,3
DA:281,1
DA:282,1
DA:284,1
DA:285,2
DA:287,2
DA:288,2
DA:289,2
DA:290,2
DA:291,0
DA:292,0
DA:296,1
DA:317,0
DA:319,0
DA:320,0
DA:321,0
DA:322,0
DA:324,0
DA:328,0
DA:329,0
DA:331,0
DA:332,0
DA:333,0
LF:132
LH:115
BRDA:33,0,0,141
BRDA:33,0,1,0
BRDA:38,1,0,111
BRDA:38,1,1,92
BRDA:45,2,0,111
BRDA:45,2,1,65
BRDA:62,3,0,5
BRDA:62,3,1,18
BRDA:66,4,0,57
BRDA:66,4,1,30
BRDA:68,5,0,10
BRDA:68,5,1,47
BRDA:73,6,0,30
BRDA:73,6,1,0
BRDA:111,7,0,0
BRDA:111,7,1,19
BRDA:124,8,0,96
BRDA:124,8,1,66
BRDA:130,9,0,4
BRDA:130,9,1,60
BRDA:136,10,0,21
BRDA:136,10,1,0
BRDA:136,11,0,21
BRDA:136,11,1,0
BRDA:145,12,0,4
BRDA:145,12,1,15
BRDA:148,13,0,2
BRDA:148,13,1,2
BRDA:156,14,0,1
BRDA:156,14,1,16
BRDA:158,15,0,1
BRDA:158,15,1,0
BRDA:164,16,0,3
BRDA:164,16,1,13
BRDA:167,17,0,7
BRDA:167,17,1,4
BRDA:169,18,0,2
BRDA:169,18,1,1
BRDA:176,19,0,2
BRDA:176,19,1,12
BRDA:183,20,0,5
BRDA:183,20,1,7
BRDA:189,21,0,1
BRDA:189,21,1,6
BRDA:201,22,0,1
BRDA:201,22,1,5
BRDA:201,23,0,6
BRDA:201,23,1,5
BRDA:205,24,0,1
BRDA:205,24,1,0
BRDA:205,25,0,3
BRDA:205,25,1,2
BRDA:211,26,0,4
BRDA:211,26,1,1
BRDA:245,27,0,0
BRDA:245,27,1,111
BRDA:257,28,0,0
BRDA:257,28,1,3
BRDA:268,29,0,3
BRDA:268,29,1,3
BRDA:287,30,0,2
BRDA:287,30,1,0
BRDA:291,31,0,0
BRDA:291,31,1,0
BRDA:320,32,0,0
BRDA:320,32,1,0
BRDA:331,33,0,0
BRDA:331,33,1,0
BRDA:332,34,0,0
BRDA:332,34,1,0
BRF:70
BRH:52
end_of_record
TN:
SF:src/logic/GameTable.ts
FN:18,(anonymous_0)
FN:40,(anonymous_1)
FN:41,(anonymous_2)
FN:52,(anonymous_3)
FN:53,(anonymous_4)
FN:56,(anonymous_5)
FN:58,(anonymous_6)
FN:62,(anonymous_7)
FN:63,(anonymous_8)
FN:66,(anonymous_9)
FN:83,(anonymous_10)
FN:84,(anonymous_11)
FN:127,(anonymous_12)
FN:128,(anonymous_13)
FN:138,(anonymous_14)
FN:146,(anonymous_15)
FN:152,(anonymous_16)
FN:163,(anonymous_17)
FN:175,(anonymous_18)
FN:184,(anonymous_19)
FN:192,(anonymous_20)
FN:198,(anonymous_21)
FN:209,(anonymous_22)
FN:245,(anonymous_23)
FN:258,(anonymous_24)
FN:289,(anonymous_25)
FN:301,(anonymous_26)
FN:304,(anonymous_27)
FN:306,(anonymous_28)
FN:336,(anonymous_29)
FN:337,(anonymous_30)
FN:340,(anonymous_31)
FN:345,(anonymous_32)
FN:350,(anonymous_33)
FN:356,(anonymous_34)
FN:369,(anonymous_35)
FN:484,(anonymous_36)
FN:496,(anonymous_37)
FN:502,(anonymous_38)
FN:515,(anonymous_39)
FN:524,(anonymous_40)
FN:531,(anonymous_41)
FN:538,(anonymous_42)
FN:544,(anonymous_43)
FN:555,(anonymous_44)
FN:562,(anonymous_45)
FNF:46
FNH:37
FNDA:17,(anonymous_0)
FNDA:17,(anonymous_1)
FNDA:34,(anonymous_2)
FNDA:42,(anonymous_3)
FNDA:84,(anonymous_4)
FNDA:9,(anonymous_5)
FNDA:18,(anonymous_6)
FNDA:4,(anonymous_7)
FNDA:4,(anonymous_8)
FNDA:18,(anonymous_9)
FNDA:14,(anonymous_10)
FNDA:28,(anonymous_11)
FNDA:28,(anonymous_12)
FNDA:42,(anonymous_13)
FNDA:14,(anonymous_14)
FNDA:14,(anonymous_15)
FNDA:0,(anonymous_16)
FNDA:3,(anonymous_17)
FNDA:3,(anonymous_18)
FNDA:4,(anonymous_19)
FNDA:6,(anonymous_20)
FNDA:2,(anonymous_21)
FNDA:4,(anonymous_22)
FNDA:4,(anonymous_23)
FNDA:14,(anonymous_24)
FNDA:0,(anonymous_25)
FNDA:0,(anonymous_26)
FNDA:0,(anonymous_27)
FNDA:0,(anonymous_28)
FNDA:22,(anonymous_29)
FNDA:25,(anonymous_30)
FNDA:2,(anonymous_31)
FNDA:0,(anonymous_32)
FNDA:9,(anonymous_33)
FNDA:0,(anonymous_34)
FNDA:9,(anonymous_35)
FNDA:4,(anonymous_36)
FNDA:1,(anonymous_37)
FNDA:1,(anonymous_38)
FNDA:0,(anonymous_39)
FNDA:1,(anonymous_40)
FNDA:2,(anonymous_41)
FNDA:1,(anonymous_42)
FNDA:0,(anonymous_43)
FNDA:1,(anonymous_44)
FNDA:2,(anonymous_45)
DA:19,17
DA:20,17
DA:21,17
DA:22,17
DA:23,17
DA:24,17
DA:25,17
DA:26,17
DA:28,17
DA:37,17
DA:41,17
DA:42,34
DA:43,34
DA:44,34
DA:45,34
DA:46,34
DA:47,34
DA:48,34
DA:53,84
DA:57,9
DA:58,18
DA:63,4
DA:67,18
DA:69,18
DA:71,18
DA:72,18
DA:73,18
DA:75,18
DA:76,18
DA:80,0
DA:84,14
DA:85,28
DA:86,28
DA:87,28
DA:88,28
DA:91,14
DA:92,14
DA:93,0
DA:96,14
DA:97,14
DA:99,14
DA:100,14
DA:102,14
DA:103,14
DA:104,14
DA:107,14
DA:110,0
DA:112,0
DA:113,0
DA:114,0
DA:118,0
DA:122,0
DA:123,0
DA:128,42
DA:129,28
DA:131,28
DA:132,28
DA:133,28
DA:134,28
DA:135,28
DA:139,14
DA:141,14
DA:142,14
DA:143,14
DA:147,14
DA:148,14
DA:151,0
DA:152,0
DA:156,0
DA:158,0
DA:164,3
DA:165,3
DA:168,0
DA:170,0
DA:176,3
DA:177,3
DA:179,3
DA:180,6
DA:185,4
DA:187,4
DA:188,0
DA:191,4
DA:193,6
DA:199,2
DA:201,2
DA:203,2
DA:204,2
DA:205,2
DA:206,2
DA:210,4
DA:211,4
DA:213,4
DA:214,0
DA:217,4
DA:218,4
DA:220,4
DA:221,1
DA:222,1
DA:223,1
DA:224,1
DA:227,3
DA:228,1
DA:229,1
DA:230,1
DA:231,1
DA:234,2
DA:235,1
DA:236,1
DA:237,1
DA:238,1
DA:241,1
DA:242,1
DA:246,4
DA:248,4
DA:250,4
DA:251,0
DA:252,0
DA:255,4
DA:259,14
DA:260,0
DA:263,14
DA:264,0
DA:267,14
DA:268,14
DA:269,14
DA:270,14
DA:271,14
DA:272,14
DA:273,14
DA:274,14
DA:276,14
DA:277,28
DA:278,28
DA:279,28
DA:280,28
DA:281,28
DA:284,14
DA:285,14
DA:286,14
DA:290,0
DA:291,0
DA:292,0
DA:293,0
DA:294,0
DA:295,0
DA:296,0
DA:298,0
DA:302,0
DA:304,0
DA:306,0
DA:307,0
DA:310,0
DA:311,0
DA:312,0
DA:313,0
DA:316,0
DA:317,0
DA:320,0
DA:321,0
DA:324,0
DA:325,0
DA:329,0
DA:337,25
DA:341,2
DA:342,2
DA:346,0
DA:347,0
DA:351,9
DA:352,9
DA:353,9
DA:357,0
DA:358,0
DA:360,0
DA:361,0
DA:363,0
DA:364,0
DA:365,0
DA:366,0
DA:374,9
DA:376,9
DA:377,0
DA:380,9
DA:381,1
DA:384,8
DA:385,0
DA:388,8
DA:389,1
DA:392,7
DA:393,0
DA:396,7
DA:398,7
DA:399,2
DA:402,5
DA:403,0
DA:406,5
DA:407,0
DA:410,5
DA:411,1
DA:412,0
DA:415,1
DA:416,0
DA:419,1
DA:421,1
DA:422,0
DA:426,5
DA:427,2
DA:428,2
DA:430,2
DA:431,2
DA:432,2
DA:435,0
DA:436,0
DA:437,0
DA:440,0
DA:441,0
DA:444,3
DA:445,0
DA:447,0
DA:448,0
DA:449,0
DA:452,0
DA:453,0
DA:456,3
DA:457,2
DA:458,2
DA:459,2
DA:460,2
DA:462,2
DA:463,0
DA:464,0
DA:467,2
DA:468,2
DA:471,1
DA:472,1
DA:474,1
DA:475,1
DA:476,1
DA:477,1
DA:478,1
DA:479,1
DA:481,1
DA:485,4
DA:486,0
DA:489,4
DA:490,0
DA:493,4
DA:497,1
DA:499,1
DA:501,1
DA:502,1
DA:504,1
DA:505,1
DA:508,1
DA:516,0
DA:517,0
DA:518,0
DA:525,1
DA:532,2
DA:539,1
DA:540,0
DA:545,0
DA:556,1
DA:562,2
LF:263
LH:181
BRDA:33,0,0,17
BRDA:33,0,1,0
BRDA:42,1,0,34
BRDA:42,1,1,0
BRDA:43,2,0,34
BRDA:43,2,1,34
BRDA:44,3,0,34
BRDA:44,3,1,0
BRDA:47,4,0,34
BRDA:47,4,1,20
BRDA:48,5,0,34
BRDA:48,5,1,0
BRDA:58,6,0,18
BRDA:58,6,1,14
BRDA:67,7,0,0
BRDA:67,7,1,18
BRDA:75,8,0,18
BRDA:75,8,1,0
BRDA:75,9,0,18
BRDA:75,9,1,18
BRDA:92,10,0,0
BRDA:92,10,1,14
BRDA:92,11,0,14
BRDA:92,11,1,14
BRDA:99,12,0,14
BRDA:99,12,1,0
BRDA:103,13,0,14
BRDA:103,13,1,0
BRDA:113,14,0,0
BRDA:113,14,1,0
BRDA:118,15,0,0
BRDA:118,15,1,0
BRDA:122,16,0,0
BRDA:122,16,1,0
BRDA:129,17,0,0
BRDA:129,17,1,28
BRDA:139,18,0,0
BRDA:139,18,1,14
BRDA:147,19,0,14
BRDA:147,19,1,0
BRDA:148,20,0,14
BRDA:148,20,1,0
BRDA:156,21,0,0
BRDA:156,21,1,0
BRDA:158,22,0,0
BRDA:158,22,1,0
BRDA:159,23,0,0
BRDA:159,23,1,0
BRDA:164,24,0,3
BRDA:164,24,1,0
BRDA:165,25,0,3
BRDA:165,25,1,0
BRDA:170,26,0,0
BRDA:170,26,1,0
BRDA:171,27,0,0
BRDA:171,27,1,0
BRDA:187,28,0,0
BRDA:187,28,1,4
BRDA:193,29,0,6
BRDA:193,29,1,2
BRDA:194,30,0,2
BRDA:194,30,1,0
BRDA:201,31,0,0
BRDA:201,31,1,2
BRDA:213,32,0,0
BRDA:213,32,1,4
BRDA:213,33,0,4
BRDA:213,33,1,4
BRDA:220,34,0,1
BRDA:220,34,1,3
BRDA:227,35,0,1
BRDA:227,35,1,2
BRDA:234,36,0,1
BRDA:234,36,1,1
BRDA:248,37,0,0
BRDA:248,37,1,4
BRDA:250,38,0,0
BRDA:250,38,1,4
BRDA:259,39,0,0
BRDA:259,39,1,14
BRDA:263,40,0,0
BRDA:263,40,1,14
BRDA:279,41,0,28
BRDA:279,41,1,28
BRDA:290,42,0,0
BRDA:290,42,1,0
BRDA:292,43,0,0
BRDA:292,43,1,0
BRDA:295,44,0,0
BRDA:295,44,1,0
BRDA:310,45,0,0
BRDA:310,45,1,0
BRDA:316,46,0,0
BRDA:316,46,1,0
BRDA:316,47,0,0
BRDA:316,47,1,0
BRDA:320,48,0,0
BRDA:320,48,1,0
BRDA:324,49,0,0
BRDA:324,49,1,0
BRDA:330,50,0,0
BRDA:330,50,1,0
BRDA:331,51,0,0
BRDA:331,51,1,0
BRDA:342,52,0,2
BRDA:342,52,1,2
BRDA:342,52,2,2
BRDA:347,53,0,0
BRDA:347,53,1,0
BRDA:352,54,0,0
BRDA:352,54,1,9
BRDA:353,55,0,9
BRDA:353,55,1,0
BRDA:358,56,0,0
BRDA:358,56,1,0
BRDA:365,57,0,0
BRDA:365,57,1,0
BRDA:366,58,0,0
BRDA:366,58,1,0
BRDA:376,59,0,0
BRDA:376,59,1,9
BRDA:380,60,0,1
BRDA:380,60,1,8
BRDA:384,61,0,0
BRDA:384,61,1,8
BRDA:388,62,0,1
BRDA:388,62,1,7
BRDA:392,63,0,0
BRDA:392,63,1,7
BRDA:398,64,0,2
BRDA:398,64,1,5
BRDA:398,65,0,7
BRDA:398,65,1,2
BRDA:402,66,0,0
BRDA:402,66,1,5
BRDA:402,67,0,5
BRDA:402,67,1,2
BRDA:406,68,0,0
BRDA:406,68,1,5
BRDA:406,69,0,5
BRDA:406,69,1,2
BRDA:410,70,0,1
BRDA:410,70,1,4
BRDA:411,71,0,0
BRDA:411,71,1,1
BRDA:411,72,0,1
BRDA:411,72,1,1
BRDA:415,73,0,0
BRDA:415,73,1,1
BRDA:421,74,0,0
BRDA:421,74,1,1
BRDA:426,75,0,2
BRDA:426,75,1,3
BRDA:430,76,0,2
BRDA:430,76,1,0
BRDA:435,77,0,0
BRDA:435,77,1,0
BRDA:444,78,0,0
BRDA:444,78,1,3
BRDA:447,79,0,0
BRDA:447,79,1,0
BRDA:456,80,0,2
BRDA:456,80,1,1
BRDA:458,81,0,2
BRDA:458,81,1,0
BRDA:462,82,0,0
BRDA:462,82,1,2
BRDA:475,83,0,1
BRDA:475,83,1,0
BRDA:477,84,0,1
BRDA:477,84,1,0
BRDA:485,85,0,0
BRDA:485,85,1,4
BRDA:489,86,0,0
BRDA:489,86,1,4
BRDA:499,87,0,1
BRDA:499,87,1,0
BRDA:504,88,0,1
BRDA:504,88,1,0
BRDA:517,89,0,0
BRDA:517,89,1,0
BRDA:539,90,0,0
BRDA:539,90,1,1
BRDA:566,91,0,2
BRDA:566,91,1,2
BRDA:567,92,0,2
BRDA:567,92,1,1
BRDA:570,93,0,2
BRDA:570,93,1,2
BRDA:572,94,0,1
BRDA:572,94,1,1
BRF:191
BRH:97
end_of_record
TN:
SF:src/middleware/auth.middleware.ts
FN:4,authMiddleware
FNF:1
FNH:0
FNDA:0,authMiddleware
DA:6,0
DA:8,0
DA:9,0
DA:12,0
DA:14,0
DA:16,0
DA:18,0
DA:20,0
DA:24,0
LF:9
LH:0
BRDA:8,0,0,0
BRDA:8,0,1,0
BRF:2
BRH:0
end_of_record
TN:
SF:src/middleware/socketAuth.middleware.ts
FN:5,socketAuth
FNF:1
FNH:0
FNDA:0,socketAuth
DA:7,0
DA:9,0
DA:10,0
DA:13,0
DA:15,0
DA:17,0
DA:19,0
DA:22,0
LF:8
LH:0
BRDA:9,0,0,0
BRDA:9,0,1,0
BRF:2
BRH:0
end_of_record
TN:
SF:src/repositories/gameHistory.repository.ts
FN:4,(anonymous_0)
FN:7,(anonymous_1)
FNF:2
FNH:0
FNDA:0,(anonymous_0)
FNDA:0,(anonymous_1)
DA:5,0
DA:8,0
DA:11,0
LF:3
LH:0
BRF:0
BRH:0
end_of_record
TN:
SF:src/repositories/index.ts
FNF:0
FNH:0
LF:0
LH:0
BRF:0
BRH:0
end_of_record
TN:
SF:src/repositories/user.repository.ts
FN:4,(anonymous_0)
FN:7,(anonymous_1)
FN:10,(anonymous_2)
FN:13,(anonymous_3)
FN:16,(anonymous_4)
FNF:5
FNH:0
FNDA:0,(anonymous_0)
FNDA:0,(anonymous_1)
FNDA:0,(anonymous_2)
FNDA:0,(anonymous_3)
FNDA:0,(anonymous_4)
DA:5,0
DA:8,0
DA:11,0
DA:14,0
DA:17,0
DA:20,0
LF:6
LH:0
BRF:0
BRH:0
end_of_record
TN:
SF:src/routes/auth.routes.ts
FN:13,generateToken
FN:18,(anonymous_1)
FN:24,(anonymous_2)
FN:86,(anonymous_3)
FN:92,(anonymous_4)
FNF:5
FNH:0
FNDA:0,generateToken
FNDA:0,(anonymous_1)
FNDA:0,(anonymous_2)
FNDA:0,(anonymous_3)
FNDA:0,(anonymous_4)
DA:8,0
DA:10,0
DA:11,0
DA:14,0
DA:18,0
DA:20,0
DA:22,0
DA:23,0
DA:24,0
DA:28,0
DA:30,0
DA:31,0
DA:33,0
DA:35,0
DA:39,0
DA:40,0
DA:43,0
DA:47,0
DA:48,0
DA:51,0
DA:53,0
DA:63,0
DA:65,0
DA:78,0
DA:79,0
DA:86,0
DA:88,0
DA:90,0
DA:91,0
DA:92,0
DA:96,0
DA:98,0
DA:100,0
DA:105,0
DA:106,0
DA:109,0
DA:111,0
DA:112,0
DA:115,0
DA:117,0
DA:130,0
DA:131,0
LF:42
LH:0
BRDA:10,0,0,0
BRDA:10,0,1,0
BRDA:22,1,0,0
BRDA:22,1,1,0
BRDA:39,2,0,0
BRDA:39,2,1,0
BRDA:47,3,0,0
BRDA:47,3,1,0
BRDA:90,4,0,0
BRDA:90,4,1,0
BRDA:105,5,0,0
BRDA:105,5,1,0
BRDA:111,6,0,0
BRDA:111,6,1,0
BRF:14
BRH:0
end_of_record
TN:
SF:src/routes/friends.routes.ts
FN:13,(anonymous_0)
FN:61,(anonymous_1)
FNF:2
FNH:0
FNDA:0,(anonymous_0)
FNDA:0,(anonymous_1)
DA:7,0
DA:9,0
DA:13,0
DA:15,0
DA:17,0
DA:18,0
DA:21,0
DA:23,0
DA:25,0
DA:27,0
DA:48,0
DA:52,0
DA:53,0
DA:61,0
DA:63,0
DA:65,0
DA:67,0
DA:68,0
DA:71,0
DA:73,0
DA:75,0
DA:77,0
DA:81,0
DA:82,0
DA:85,0
DA:86,0
DA:89,0
DA:98,0
DA:99,0
DA:102,0
DA:110,0
DA:114,0
DA:115,0
LF:33
LH:0
BRDA:17,0,0,0
BRDA:17,0,1,0
BRDA:67,1,0,0
BRDA:67,1,1,0
BRDA:81,2,0,0
BRDA:81,2,1,0
BRDA:85,3,0,0
BRDA:85,3,1,0
BRDA:98,4,0,0
BRDA:98,4,1,0
BRF:10
BRH:0
end_of_record
TN:
SF:src/routes/game.api.routes.ts
FN:10,(anonymous_0)
FN:41,(anonymous_1)
FN:97,(anonymous_2)
FN:111,(anonymous_3)
FN:132,(anonymous_4)
FN:133,(anonymous_5)
FN:142,(anonymous_6)
FN:168,(anonymous_7)
FN:183,(anonymous_8)
FNF:9
FNH:0
FNDA:0,(anonymous_0)
FNDA:0,(anonymous_1)
FNDA:0,(anonymous_2)
FNDA:0,(anonymous_3)
FNDA:0,(anonymous_4)
FNDA:0,(anonymous_5)
FNDA:0,(anonymous_6)
FNDA:0,(anonymous_7)
FNDA:0,(anonymous_8)
DA:7,1
DA:10,1
DA:11,0
DA:12,0
DA:15,0
DA:26,0
DA:27,0
DA:31,0
DA:32,0
DA:36,0
DA:37,0
DA:41,0
DA:54,0
DA:55,0
DA:56,0
DA:59,0
DA:62,0
DA:63,0
DA:64,0
DA:68,0
DA:74,0
DA:85,0
DA:91,0
DA:92,0
DA:97,1
DA:98,0
DA:99,0
DA:101,0
DA:103,0
DA:104,0
DA:107,0
DA:111,1
DA:112,0
DA:113,0
DA:114,0
DA:116,0
DA:117,0
DA:118,0
DA:121,0
DA:123,0
DA:126,0
DA:127,0
DA:132,1
DA:133,0
DA:138,0
DA:142,1
DA:143,0
DA:144,0
DA:146,0
DA:156,0
DA:160,0
DA:161,0
DA:164,0
DA:168,0
DA:177,0
DA:178,0
DA:183,1
DA:184,0
DA:185,0
DA:187,0
DA:191,0
DA:192,0
DA:200,0
DA:206,0
DA:207,0
LF:65
LH:7
BRDA:26,0,0,0
BRDA:26,0,1,0
BRDA:31,1,0,0
BRDA:31,1,1,0
BRDA:36,2,0,0
BRDA:36,2,1,0
BRDA:63,3,0,0
BRDA:63,3,1,0
BRDA:103,4,0,0
BRDA:103,4,1,0
BRDA:117,5,0,0
BRDA:117,5,1,0
BRDA:160,6,0,0
BRDA:160,6,1,0
BRDA:160,7,0,0
BRDA:160,7,1,0
BRDA:166,8,0,0
BRDA:166,8,1,0
BRDA:167,9,0,0
BRDA:167,9,1,0
BRDA:191,10,0,0
BRDA:191,10,1,0
BRDA:202,11,0,0
BRDA:202,11,1,0
BRF:24
BRH:0
end_of_record
TN:
SF:src/routes/game.routes.ts
FN:6,(anonymous_0)
FN:10,(anonymous_1)
FN:21,(anonymous_2)
FN:43,(anonymous_3)
FN:54,(anonymous_4)
FN:70,(anonymous_5)
FNF:6
FNH:0
FNDA:0,(anonymous_0)
FNDA:0,(anonymous_1)
FNDA:0,(anonymous_2)
FNDA:0,(anonymous_3)
FNDA:0,(anonymous_4)
FNDA:0,(anonymous_5)
DA:4,0
DA:6,0
DA:7,0
DA:10,0
DA:11,0
DA:13,0
DA:14,0
DA:17,0
DA:18,0
DA:21,0
DA:22,0
DA:23,0
DA:25,0
DA:26,0
DA:29,0
DA:30,0
DA:31,0
DA:33,0
DA:35,0
DA:36,0
DA:39,0
DA:43,0
DA:44,0
DA:45,0
DA:47,0
DA:48,0
DA:51,0
DA:54,0
DA:55,0
DA:56,0
DA:58,0
DA:59,0
DA:62,0
DA:63,0
DA:64,0
DA:66,0
DA:70,0
DA:71,0
DA:72,0
DA:74,0
DA:76,0
DA:77,0
DA:80,0
DA:81,0
DA:84,0
DA:85,0
DA:86,0
DA:88,0
LF:48
LH:0
BRDA:13,0,0,0
BRDA:13,0,1,0
BRDA:13,1,0,0
BRDA:13,1,1,0
BRDA:25,2,0,0
BRDA:25,2,1,0
BRDA:25,3,0,0
BRDA:25,3,1,0
BRDA:35,4,0,0
BRDA:35,4,1,0
BRDA:47,5,0,0
BRDA:47,5,1,0
BRDA:58,6,0,0
BRDA:58,6,1,0
BRDA:76,7,0,0
BRDA:76,7,1,0
BRDA:80,8,0,0
BRDA:80,8,1,0
BRDA:80,9,0,0
BRDA:80,9,1,0
BRF:20
BRH:0
end_of_record
TN:
SF:src/routes/waitingRoom.routes.ts
FN:15,(anonymous_0)
FN:35,(anonymous_1)
FN:41,(anonymous_2)
FN:59,(anonymous_3)
FN:109,(anonymous_4)
FN:124,(anonymous_5)
FN:155,(anonymous_6)
FN:170,(anonymous_7)
FN:194,(anonymous_8)
FN:232,(anonymous_9)
FN:247,(anonymous_10)
FN:290,(anonymous_11)
FN:314,(anonymous_12)
FN:342,(anonymous_13)
FN:351,(anonymous_14)
FN:388,(anonymous_15)
FN:389,(anonymous_16)
FNF:17
FNH:0
FNDA:0,(anonymous_0)
FNDA:0,(anonymous_1)
FNDA:0,(anonymous_2)
FNDA:0,(anonymous_3)
FNDA:0,(anonymous_4)
FNDA:0,(anonymous_5)
FNDA:0,(anonymous_6)
FNDA:0,(anonymous_7)
FNDA:0,(anonymous_8)
FNDA:0,(anonymous_9)
FNDA:0,(anonymous_10)
FNDA:0,(anonymous_11)
FNDA:0,(anonymous_12)
FNDA:0,(anonymous_13)
FNDA:0,(anonymous_14)
FNDA:0,(anonymous_15)
FNDA:0,(anonymous_16)
DA:9,0
DA:15,0
DA:16,0
DA:17,0
DA:35,0
DA:41,0
DA:51,0
DA:53,0
DA:54,0
DA:59,0
DA:60,0
DA:61,0
DA:66,0
DA:70,0
DA:71,0
DA:75,0
DA:103,0
DA:109,0
DA:118,0
DA:119,0
DA:124,0
DA:125,0
DA:126,0
DA:128,0
DA:145,0
DA:146,0
DA:149,0
DA:155,0
DA:164,0
DA:165,0
DA:170,0
DA:171,0
DA:172,0
DA:173,0
DA:176,0
DA:181,0
DA:182,0
DA:185,0
DA:186,0
DA:189,0
DA:190,0
DA:194,0
DA:195,0
DA:196,0
DA:200,0
DA:226,0
DA:232,0
DA:241,0
DA:242,0
DA:247,0
DA:248,0
DA:249,0
DA:250,0
DA:253,0
DA:261,0
DA:267,0
DA:268,0
DA:271,0
DA:275,0
DA:276,0
DA:282,0
DA:284,0
DA:285,0
DA:290,0
DA:291,0
DA:292,0
DA:293,0
DA:295,0
DA:305,0
DA:307,0
DA:308,0
DA:314,0
DA:315,0
DA:316,0
DA:317,0
DA:319,0
DA:330,0
DA:331,0
DA:334,0
DA:335,0
DA:338,0
DA:339,0
DA:342,0
DA:343,0
DA:344,0
DA:348,0
DA:351,0
DA:364,0
DA:365,0
DA:368,0
DA:369,0
DA:372,0
DA:380,0
DA:382,0
DA:383,0
DA:388,0
DA:389,0
DA:394,0
LF:98
LH:0
BRDA:61,0,0,0
BRDA:70,1,0,0
BRDA:70,1,1,0
BRDA:77,2,0,0
BRDA:77,2,1,0
BRDA:145,3,0,0
BRDA:145,3,1,0
BRDA:181,4,0,0
BRDA:181,4,1,0
BRDA:185,5,0,0
BRDA:185,5,1,0
BRDA:189,6,0,0
BRDA:189,6,1,0
BRDA:195,7,0,0
BRDA:195,7,1,0
BRDA:267,8,0,0
BRDA:267,8,1,0
BRDA:267,9,0,0
BRDA:267,9,1,0
BRDA:275,10,0,0
BRDA:275,10,1,0
BRDA:275,11,0,0
BRDA:275,11,1,0
BRDA:275,11,2,0
BRDA:330,12,0,0
BRDA:330,12,1,0
BRDA:334,13,0,0
BRDA:334,13,1,0
BRDA:338,14,0,0
BRDA:338,14,1,0
BRDA:343,15,0,0
BRDA:343,15,1,0
BRF:32
BRH:0
end_of_record
TN:
SF:src/services/db.service.ts
FN:4,(anonymous_0)
FN:8,(anonymous_1)
FNF:2
FNH:0
FNDA:0,(anonymous_0)
FNDA:0,(anonymous_1)
DA:3,0
DA:5,0
DA:6,0
DA:9,0
DA:10,0
DA:11,0
LF:6
LH:0
BRF:0
BRH:0
end_of_record
TN:
SF:src/services/game.service.ts
FN:7,(anonymous_0)
FN:8,(anonymous_1)
FN:16,(anonymous_2)
FN:39,(anonymous_3)
FN:70,(anonymous_4)
FN:74,(anonymous_5)
FNF:6
FNH:0
FNDA:0,(anonymous_0)
FNDA:0,(anonymous_1)
FNDA:0,(anonymous_2)
FNDA:0,(anonymous_3)
FNDA:0,(anonymous_4)
FNDA:0,(anonymous_5)
DA:5,0
DA:8,0
DA:17,0
DA:18,0
DA:20,0
DA:33,0
DA:34,0
DA:36,0
DA:40,0
DA:42,0
DA:43,0
DA:46,0
DA:47,0
DA:50,0
DA:52,0
DA:65,0
DA:67,0
DA:71,0
DA:75,0
DA:79,0
LF:20
LH:0
BRDA:42,0,0,0
BRDA:42,0,1,0
BRDA:46,1,0,0
BRDA:46,1,1,0
BRF:4
BRH:0
end_of_record
TN:
SF:src/shared/activeGames.ts
FNF:0
FNH:0
DA:3,1
LF:1
LH:1
BRF:0
BRH:0
end_of_record
TN:
SF:src/sockets/game.gateway.ts
FN:16,(anonymous_0)
FN:22,(anonymous_1)
FN:23,(anonymous_2)
FN:40,(anonymous_3)
FN:41,(anonymous_4)
FN:49,(anonymous_5)
FN:83,(anonymous_6)
FN:140,(anonymous_7)
FN:180,(anonymous_8)
FN:206,(anonymous_9)
FN:211,(anonymous_10)
FN:231,(anonymous_11)
FNF:12
FNH:0
FNDA:0,(anonymous_0)
FNDA:0,(anonymous_1)
FNDA:0,(anonymous_2)
FNDA:0,(anonymous_3)
FNDA:0,(anonymous_4)
FNDA:0,(anonymous_5)
FNDA:0,(anonymous_6)
FNDA:0,(anonymous_7)
FNDA:0,(anonymous_8)
FNDA:0,(anonymous_9)
FNDA:0,(anonymous_10)
FNDA:0,(anonymous_11)
DA:12,0
DA:13,0
DA:14,0
DA:17,0
DA:18,0
DA:19,0
DA:23,0
DA:24,0
DA:26,0
DA:27,0
DA:30,0
DA:31,0
DA:32,0
DA:33,0
DA:35,0
DA:41,0
DA:42,0
DA:44,0
DA:45,0
DA:46,0
DA:49,0
DA:50,0
DA:51,0
DA:53,0
DA:54,0
DA:58,0
DA:61,0
DA:62,0
DA:64,0
DA:65,0
DA:66,0
DA:67,0
DA:69,0
DA:75,0
DA:76,0
DA:83,0
DA:89,0
DA:90,0
DA:92,0
DA:93,0
DA:97,0
DA:100,0
DA:101,0
DA:102,0
DA:106,0
DA:109,0
DA:110,0
DA:114,0
DA:117,0
DA:118,0
DA:122,0
DA:125,0
DA:127,0
DA:128,0
DA:129,0
DA:132,0
DA:133,0
DA:140,0
DA:141,0
DA:142,0
DA:144,0
DA:145,0
DA:148,0
DA:149,0
DA:151,0
DA:152,0
DA:153,0
DA:154,0
DA:155,0
DA:158,0
DA:159,0
DA:164,0
DA:166,0
DA:172,0
DA:173,0
DA:180,0
DA:181,0
DA:183,0
DA:184,0
DA:185,0
DA:186,0
DA:189,0
DA:190,0
DA:191,0
DA:192,0
DA:193,0
DA:194,0
DA:195,0
DA:207,0
DA:208,0
DA:211,0
DA:212,0
DA:213,0
DA:215,0
DA:216,0
DA:217,0
DA:218,0
DA:219,0
DA:220,0
DA:222,0
DA:227,0
DA:228,0
DA:232,0
DA:233,0
DA:234,0
LF:105
LH:0
BRDA:26,0,0,0
BRDA:26,0,1,0
BRDA:31,1,0,0
BRDA:31,1,1,0
BRDA:44,2,0,0
BRDA:44,2,1,0
BRDA:53,3,0,0
BRDA:53,3,1,0
BRDA:65,4,0,0
BRDA:65,4,1,0
BRDA:92,5,0,0
BRDA:92,5,1,0
BRDA:101,6,0,0
BRDA:101,6,1,0
BRDA:109,7,0,0
BRDA:109,7,1,0
BRDA:117,8,0,0
BRDA:117,8,1,0
BRDA:117,9,0,0
BRDA:117,9,1,0
BRDA:117,9,2,0
BRDA:144,10,0,0
BRDA:144,10,1,0
BRDA:144,11,0,0
BRDA:144,11,1,0
BRDA:152,12,0,0
BRDA:152,12,1,0
BRDA:152,13,0,0
BRDA:152,13,1,0
BRDA:154,14,0,0
BRDA:154,14,1,0
BRDA:184,15,0,0
BRDA:184,15,1,0
BRDA:189,16,0,0
BRDA:189,16,1,0
BRDA:189,17,0,0
BRDA:189,17,1,0
BRDA:191,18,0,0
BRDA:191,18,1,0
BRDA:193,19,0,0
BRDA:193,19,1,0
BRDA:207,20,0,0
BRDA:207,20,1,0
BRDA:213,21,0,0
BRDA:213,21,1,0
BRDA:216,22,0,0
BRDA:216,22,1,0
BRDA:232,23,0,0
BRDA:232,23,1,0
BRF:49
BRH:0
end_of_record
TN:
SF:src/types/poker.ts
FNF:0
FNH:0
LF:0
LH:0
BRF:0
BRH:0
end_of_record
TN:
SF:src/validation/auth.validation.ts
FNF:0
FNH:0
DA:3,0
DA:9,0
LF:2
LH:0
BRF:0
BRH:0
end_of_record
TN:
SF:src/validation/friends.validation.ts
FNF:0
FNH:0
DA:3,0
DA:7,0
DA:11,0
LF:3
LH:0
BRF:0
BRH:0
end_of_record
TN:
SF:src/validation/game.validation.ts
FNF:0
FNH:0
DA:3,0
LF:1
LH:0
BRF:0
BRH:0
end_of_record
